Started by user [8mha:////4FOf449MnsGVeCeRpC7taN8ZrQdBNIP2jBwJlyeTwDaFAAAAmh+LCAAAAAAAAP9b85aBtbiIQTGjNKU4P08vOT+vOD8nVc83PyU1x6OyILUoJzMv2y+/JJUBAhiZGBgqihhk0NSjKDWzXb3RdlLBUSYGJk8GtpzUvPSSDB8G5tKinBIGIZ+sxLJE/ZzEvHT94JKizLx0a6BxUmjGOUNodHsLgAyBEgY+/dLi1CL9lMyySkMTYzMAXvxICcMAAAA=[0mdivyanshu maurya
Replayed [8mha:////4IQLyV2Ws8PRmVPyyTLI5LvJLmaR8sHecPJvh8J2UaeTAAAAmx+LCAAAAAAAAP9b85aBtbiIQTGjNKU4P08vOT+vOD8nVc83PyU1x6OyILUoJzMv2y+/JJUBAhiZGBgqihhk0NSjKDWzXb3RdlLBUSYGJk8GtpzUvPSSDB8G5tKinBIGIZ+sxLJE/ZzEvHT94JKizLx0a6BxUmjGOUNodHsLgAymEgYB/az8JP0AL10gpWukb6IPAGIx7eLFAAAA[0m#4
[8mha:////4LLRGsjmoiMpPc2XkeGNDZ5JYNW3aXjRhPD8Fc6m0ozjAAAAoh+LCAAAAAAAAP9tjTEOwjAQBM8BClpKHuFItIiK1krDC0x8GCfWnbEdkooX8TX+gCESFVvtrLSa5wtWKcKBo5UdUu8otU4GP9jS5Mixv3geZcdn2TIl9igbHBs2eJyx4YwwR1SwULBGaj0nRzbDRnX6rmuvydanHMu2V1A5c4MHCFXMWcf8hSnC9jqYxPTz/BXAFEIGsfuclm8zQVqFvQAAAA==[0m[Pipeline] Start of Pipeline
[8mha:////4IpGXHuMMccd+/o3YenhTDgPs0ROK4Bukg4qAeFhTYrnAAAApR+LCAAAAAAAAP9tjTEOwjAUQ3+KOrAycohUghExsUZZOEFIQkgb/d8mKe3EibgadyBQiQlLlmxL1nu+oE4RjhQdby12HpP2vA+jK4lPFLtroIm3dOGaMFGwXNpJkrGnpUrKFhaxClYC1hZ1oOTRZdiIVt1VExS65pxj2Q4CKm8GeAAThZxVzN8yR9jeRpMIf5y/AJj7DGxXvP/86jduZBmjwAAAAA==[0m[Pipeline] node
Running on [8mha:////4IhDobPVgPfnAb8wfS1R6ELt0lgTvV7SX9312wFX1IhbAAAAoR+LCAAAAAAAAP9b85aBtbiIQTGjNKU4P08vOT+vOD8nVc83PyU1x6OyILUoJzMv2y+/JJUBAhiZGBgqihhk0NSjKDWzXb3RdlLBUSYGJk8GtpzUvPSSDB8G5tKinBIGIZ+sxLJE/ZzEvHT94JKizLx0a6BxUmjGOUNodHsLgAz2EgZR/eT83ILSktQifY2k0sycEt3MPE19AHHxbH3KAAAA[0mJenkins in /var/lib/jenkins/workspace/PJ-job-2
[8mha:////4A3e1IggyGh+ngQZgbQdFkFuKbnK9IEH6X6fg3vb1k4VAAAApR+LCAAAAAAAAP9tjTEOwjAUQ3+KOrAycoh0gA0xsUZZOEFIQkgb/d8mKe3EibgadyBQiQlLlmxL1nu+oE4RjhQdby12HpP2vA+jK4lPFLtroIm3dOGaMFGwXNpJkrGnpUrKFhaxClYC1hZ1oOTRZdiIVt1VExS65pxj2Q4CKm8GeAAThZxVzN8yR9jeRpMIf5y/AJj7DGxXvP/86jfoP95RwAAAAA==[0m[Pipeline] {
[8mha:////4CmtERdgkR1oD/sG1XRo1U/20GZ7OchhovYqKBuKPNu1AAAApR+LCAAAAAAAAP9tjTEOwjAUQ3+KOrAycoh0gQkxsUZZOEFIQkgb/d8mKe3EibgadyBQiQlLlmxL1nu+oE4RjhQdby12HpP2vA+jK4lPFLtroIm3dOGaMFGwXNpJkrGnpUrKFhaxClYC1hZ1oOTRZdiIVt1VExS65pxj2Q4CKm8GeAAThZxVzN8yR9jeRpMIf5y/AJj7DGxXvP/86jc09154wAAAAA==[0m[Pipeline] stage
[8mha:////4HIH7sjuZkazOzoKv74y0eJiWL+JezmdPIjzUIqNxsJ3AAAApR+LCAAAAAAAAP9tjTEOwjAUQ3+KOrAycoh0ggUxsUZZOEFIQkgb/d8mKe3EibgadyBQiQlLlmxL1nu+oE4RjhQdby12HpP2vA+jK4lPFLtroIm3dOGaMFGwXNpJkrGnpUrKFhaxClYC1hZ1oOTRZdiIVt1VExS65pxj2Q4CKm8GeAAThZxVzN8yR9jeRpMIf5y/AJj7DGxXvP/86jek7ggRwAAAAA==[0m[Pipeline] { (Declarative: Tool Install)
[8mha:////4AtiwvnQp+CKanPpTGJT7PrZ0oiWN82BvZC3pkozMQgrAAAAoh+LCAAAAAAAAP9tjTEOAiEURD9rLGwtPQTbaWGsbAmNJ0AWEZb8zwLrbuWJvJp3kLiJlZNMMm+a93rDOic4UbLcG+wdZu14DKOti0+U+lugiXu6ck2YKRguzSSpM+cFJRUDS1gDKwEbgzpQdmgLbIVXD9UGhba9lFS/o4DGdQM8gYlqLiqVL8wJdvexy4Q/z18BzLEA29ce4gfg7KmOvAAAAA==[0m[Pipeline] tool
[8mha:////4OFdhkt8dnLyKW4VmZFRTO3fhqkF7Xt2/myF7pHsoD1+AAAAoh+LCAAAAAAAAP9tjTEOAiEURD9rLGwtPQTbGRNjZUtoPAGyiLDkfxZYdytP5NW8g8RNrJxkknnTvNcb1jnBiZLl3mDvMGvHYxhtXXyi1N8CTdzTlWvCTMFwaSZJnTkvKKkYWMIaWAnYGNSBskNbYCu8eqg2KLTtpaT6HQU0rhvgCUxUc1GpfGFOsLuPXSb8ef4KYI4F2L72ED8v8DEJvAAAAA==[0m[Pipeline] envVarsForTool
[8mha:////4PecU6fBtRExMxZT61KIncUphTjMc8X6iL3tF62hVwZLAAAAoh+LCAAAAAAAAP9tjTEOAiEURD9rLGwtPQTbmRhjZUtoPAGyiLDkfxZYdytP5NW8g8RNrJxkknnTvNcb1jnBiZLl3mDvMGvHYxhtXXyi1N8CTdzTlWvCTMFwaSZJnTkvKKkYWMIaWAnYGNSBskNbYCu8eqg2KLTtpaT6HQU0rhvgCUxUc1GpfGFOsLuPXSb8ef4KYI4F2L72ED9uwSoQvAAAAA==[0m[Pipeline] tool
[8mha:////4P7Rk76Nld7uUw+Ff8SeB6x4TPUUVg9Ho5XCdAU7rjG7AAAAox+LCAAAAAAAAP9tjTESgjAQRT84FraWHiJoY+NY2WZoPEGEGAOZXUwWofJEXs07yMiMlb/67zXv9cYyRRw5OtVYaj2lyqsu9G56auDYXgMPquGLqpgSB6tKO5Rc29OMJYvFvCzHQmNlqQqcPDnBWjfmYYpgyBVniZM7aOS+vuOJTE9lMVG+MEZsbn2dmH6dvwGMnSDbC/LdtvsAfEnCxL0AAAA=[0m[Pipeline] envVarsForTool
[8mha:////4BuYNaBey3QhuleONvuabKqgkYa/CABd6TGGRYuKsNb9AAAAox+LCAAAAAAAAP9tjTESgjAQRT84FraWHiIMjY1jZZuh8QQRYgxkdjFZhMoTeTXvICMzVv7qv9e81xvrFHHk6FRrqfOUaq/6MLj5qZFjdw08qpYvqmZKHKyq7FhxY08LViwWy7IcK42NpTpw8uQEW92ahymCIVecJc7uoJH75o4nMj2XxUT5whSxuw1NYvp1/gYw9b0gL0tBtv8AGWMrAb0AAAA=[0m[Pipeline] }
[8mha:////4JluD4r8sWeiiDaz7Qs/XEgIuvuH7GbCKcRDUjfSwiTiAAAAox+LCAAAAAAAAP9tjTEOwjAQBDdBFLSUPMIRSFSIitZKwwtMYowT6y7YF5KKF/E1/kBEJCq22plmXm8sU8SRo1ONpdZTqrzqQu+mpwaO7TXwoBq+qIopcbCqtEPJtT3NWLJYzMtyLDRWlqrAyZMTrHVjHqYIhlxxlji5g0bu6zueyPRUFhPlC2PE5tbXienX+RvA2HWCfLsTZPsPc0iC370AAAA=[0m[Pipeline] // stage
[8mha:////4NJvKnaXaIhKmRSAc97/tdghnmw+SiyX+U33Fxf6Zm4PAAAAph+LCAAAAAAAAP9tjTEOwjAQBM9BKWgpeYQjBB2iorXc8AITG+PEugv2haTiRXyNPxCIRMVWOyut5vmCMic4UPKycdgGzHWQXez91ORAqb1EGmRDZ1kTZopOajdosu44oyZ2MEcUsFCwdFhHygE9w0o15m6qaNBXJ07TtldQBHuDBwg1mdkk/sKYYH3tbSb8ef4KYOwYxI6h2Gw/x/INGJa+18EAAAA=[0m[Pipeline] withEnv
[8mha:////4AoX3ABZ6defIBTkOGh7pyh7hD4KMvArm6dbN1q4tH0FAAAApx+LCAAAAAAAAP9tjTEOwjAUQ3+LOrAycohUCDbE1DXKwglCE0La6P/yk9JOnIircQdaKjHhwbItWe/1hiIynIidaCy2HmPtRRd6NyUxELfXQINo6CJqwkjBCmUHRcZWS1WULCzKclhJWFusA0WPLsFGNvqhy6DRlefE03aUkHtzhydkciInzelbRobtrTeR8Mf5C4CxS5Dv9rMd5mfxAbNWnxXCAAAA[0m[Pipeline] {
[8mha:////4PrPxy/OnQCihvqPbldOBzv0bynPEmHU+oKCzJ1vgYuWAAAApx+LCAAAAAAAAP9tjTEOwjAUQ3+LOrAycohUSDAhpq5RFk4QmhDSRv+Xn5R24kRcjTvQUokJD5ZtyXqvNxSR4UTsRGOx9RhrL7rQuymJgbi9BhpEQxdRE0YKVig7KDK2WqqiZGFRlsNKwtpiHSh6dAk2stEPXQaNrjwnnrajhNybOzwhkxM5aU7fMjJsb72JhD/OXwCMXYJ8t5/tMD+LD5WQ+PfCAAAA[0m[Pipeline] stage
[8mha:////4IFBP2cr0+hnrdFu8avT2rJkG7670DJlXk5uME0FnhkUAAAApx+LCAAAAAAAAP9tjTEOwjAUQ3+LOrAycohUDLAgpq5RFk4QmhDSRv+Xn5R24kRcjTvQUokJD5ZtyXqvNxSR4UTsRGOx9RhrL7rQuymJgbi9BhpEQxdRE0YKVig7KDK2WqqiZGFRlsNKwtpiHSh6dAk2stEPXQaNrjwnnrajhNybOzwhkxM5aU7fMjJsb72JhD/OXwCMXYJ8t5/tMD+LD/s94rDCAAAA[0m[Pipeline] { (Git Checkout)
[8mha:////4BEt3PYdybnBARXb1g18KdQLExWenVhNq+4J1sSfgcyhAAAApB+LCAAAAAAAAP9tjTEOwjAQBC9BFLSUPOIiGigQVVrLDS8wsTFOrDtjOyQVL+Jr/IFAJCq2WO1sM88XLFOEI0eLraHOUWocBt/baeHAsbt4HrDlMzZMib1BaQbJ2tQzSs4G5hQlLASsDDWekyObYS1adVeVV2SrU47TdxBQOn2DBxRiMmcV8xfGCJtrrxPTz/NXAGPIUG53n9qHN27Iu42+AAAA[0m[Pipeline] tool
[8mha:////4NCq0jSyQ9CJT5c4U3Z4+OFct5e2lgdWMAwGHGEbJkX6AAAApR+LCAAAAAAAAP9tjTEOwjAQBC9BFLSUPOIiGoSEqNJabniBiY1xYt0Z2yGpeBFf4w8EIlGxxWpnm3m+YJkiHDlabA11jlLjMPjeTgsHjt3F84Atn7FhSuwNSjNI1qaeUXI2MKcoYSFgZajxnBzZDGvRqruqvCJbnXKcvoOA0ukbPKAQkzmrmL8wRthce52Yfp6/AhhDhnK7+9Q+vAGh1CMKvgAAAA==[0m[Pipeline] envVarsForTool
[8mha:////4IO7dwb3UG+mLg7ZW/1uqI3izDKJXPZU7iz27k9vAdQEAAAApR+LCAAAAAAAAP9tjTEOwjAQBC9BFLSUPOIiGiSEqNJabniBiY1xYt0Z2yGpeBFf4w8EIlGxxWpnm3m+YJkiHDlabA11jlLjMPjeTgsHjt3F84Atn7FhSuwNSjNI1qaeUXI2MKcoYSFgZajxnBzZDGvRqruqvCJbnXKcvoOA0ukbPKAQkzmrmL8wRthce52Yfp6/AhhDhnK7+9Q+vAHg5TgTvgAAAA==[0m[Pipeline] tool
[8mha:////4FnXeicS/jiImKcNSeQwWKWW0INjI5GinEpX+cy5q8hbAAAApR+LCAAAAAAAAP9tjTEOwjAQBC9BFLSUPOICFDQoFa3lhheYxBgn1l2wHZyKF/E1/oBFJCq2WO1sM683LIOHmr3BTlNvKTQWBzeavDCx76+OE3Z8wYYpsNModZLc6tOMkqOGOUUJCwErTY3jYMlEWItOPVTlFJnqHH3+jgJK297hCYXI5qh8/MLkYXMb28D08/wVwDREKHeHXPvt8AHw4LzAvgAAAA==[0m[Pipeline] envVarsForTool
[8mha:////4J+c2ee05Oqb5Aw4ov13ik1kaN9NXuchUDDHZZXApycYAAAAqB+LCAAAAAAAAP9tjTEOwjAUQ3+LOrAycohUZWBBTF2jLpwgNCEkjf4vSUo6cSKuxh0IVGLCg2Vbst7zBVXwcCSvmVU4GAy9YaObdE4skR8ujhKzdGY9YSCnWKdSR1K1S+0oKlhUlLDisFbYOwoGdYQNt+IuaidQ16fo83bgUBp5gwcUPJOj8PFbZg/b6yQD4Y/zFwDzGKFs9tl2zedZvQHfce0FwgAAAA==[0m[Pipeline] withEnv
[8mha:////4JkvUQJaPbXQfDQsQ72ku+IxiTXrBk7JISOx23RO5Cz9AAAAph+LCAAAAAAAAP9tjTEOwjAUQ3+DOrAycohUdEVMrFEXThCaEJJG/7dJSjpxIq7GHWipxIQHy7ZkvdcbyhjgRMFwp7GzGFvLez+aOfFMobt5ytzRlbeEkbzmjc4NKX1ea0NJw6qCwUbAVmPrKVo0CXbCyYesvERTXVKYt6MAZtUATyjETE4ypG+ZAuzvo4qEP85fAEx9AlYfFquXZ/kBAsTc3cIAAAA=[0m[Pipeline] {
[8mha:////4O9d9+6rI7Zn09c5bJVxlXL82vuksGfdIlcZbi8zvOOtAAAAox+LCAAAAAAAAP9tjTESwiAURH/iWNhaeggyE0vHypah8QSYIEKY/wkQSeWJvJp3EM2MlVvs7NvmPV+wjgGOFDSzCgeDsTPMu0mXxTKF4eooM0sX1hFGcooJlQX16rSgoKRgSVXDisNGYecoGtQJttzKu2ycRN2cUyjfgUNt+hEeUPFiTjKkL8wBdrepj4Q/z18BzD5B3baf2vs3w5BRkb4AAAA=[0m[Pipeline] git
The recommended git tool is: NONE
No credentials specified
 > git rev-parse --resolve-git-dir /var/lib/jenkins/workspace/PJ-job-2/.git # timeout=10
Fetching changes from the remote Git repository
 > git config remote.origin.url https://github.com/divy1436/Boardgame.git # timeout=10
Fetching upstream changes from https://github.com/divy1436/Boardgame.git
 > git --version # timeout=10
 > git --version # 'git version 2.51.0'
 > git fetch --tags --force --progress -- https://github.com/divy1436/Boardgame.git +refs/heads/*:refs/remotes/origin/* # timeout=10
 > git rev-parse refs/remotes/origin/main^{commit} # timeout=10
Checking out Revision c8f9bac2786f9f9f9f922b5a179d2177d7dbfa83 (refs/remotes/origin/main)
 > git config core.sparsecheckout # timeout=10
 > git checkout -f c8f9bac2786f9f9f9f922b5a179d2177d7dbfa83 # timeout=10
 > git branch -a -v --no-abbrev # timeout=10
 > git branch -D main # timeout=10
 > git checkout -b main c8f9bac2786f9f9f9f922b5a179d2177d7dbfa83 # timeout=10
Commit message: "adding the files"
 > git rev-list --no-walk c8f9bac2786f9f9f9f922b5a179d2177d7dbfa83 # timeout=10
[8mha:////4L4QbOIJ3dpOnHAjLyIGICjOvAZzL0DvprbXnWvoRLrfAAAApB+LCAAAAAAAAP9tjbEOwiAURV9rHFwd/QiaNG7GyZWw+AXYIkLJexSodPKL/DX/QbSJk3e4uecu5/mCdQxwpKCZVTgYjJ1h3k26LJYpDFdHmVm6sI4wklNMqCyoV6cFBSUFS6oaVhw2CjtH0aBOsOVW3mXjJOrmnEL5Dhxq04/wgIoXc5IhfWEOsLtNfST8ef4KYPY+Qd3uP9W+Ad3NsHm+AAAA[0m[Pipeline] }
[8mha:////4ByWED8C6HVcV5IysVxTyT8GbyDpbzru11rlsQka7JG+AAAApB+LCAAAAAAAAP9tjTEOwjAQBC9BFLSUPOIikKgQVVrLDS8wsTFOrDtjOyQVL+Jr/IFAJCq2WO1sM88XLFOEI0eLraHOUWocBt/baeHAsbt4HrDlMzZMib1BaQbJ2tQzSs4G5hQlLASsDDWekyObYS1adVeVV2SrU47TdxBQOn2DBxRiMmcV8xfGCJtrrxPTz/NXAGMIGcrd/lPbN8JP5Su+AAAA[0m[Pipeline] // withEnv
[8mha:////4Bz0xTRWtrBr/Htf++WDrWek3mPMWhQvx42DCfKoRfnLAAAApR+LCAAAAAAAAP9tjTEOwjAQBC9BFLSUPOIiKNIgqrRWGl5gYmOcWHfGdkgqXsTX+AMWkajYYrWzzbzesI4BThwM9poGS7Gz6N1o8sKJw3B1PGHPF+yYIjuNrZ5aVrpZsOWkYUlRwkrARlPnOFoyCbailw9ZOUmmOqeQv6OA0qo7PKEQ2ZxkSF+YA+xuo4pMP89fAczeJygPda59/QEM+zgYvgAAAA==[0m[Pipeline] }
[8mha:////4EW3x6c8he67qb+BrB0s4ZqG5b9N7zQVJvw59UFLwUE8AAAAph+LCAAAAAAAAP9tjTEOwjAQBC9BFLSUPOIikBAFSkVrueEFJjHGiXUXbAen4kV8jT9gEYmKLVY728zrDcvgoWZvsNPUWwqNxcGNJi9M7Pur44QdX7BhCuw0Sp0kt/o0o+SoYU5RwkLASlPjOFgyEdaiUw9VOUWmOkefv6OA0rZ3eEIhsjkqH78wedjcxjYw/Tx/BTANQ4Ryd8i13X8AE3ltSr4AAAA=[0m[Pipeline] // stage
[8mha:////4KzqdjOpZbP20j6bSJBBc+qafz3PPozvhc7/zLW2HSMwAAAAqB+LCAAAAAAAAP9tjTEOwjAUQ3+LOrAycohUIAYk1Ik16sIJQhNC0uj/kqSkEyfiatyBQCUmPFi2Jes9X1AFDw15zazC3mDoDBvcqHNiiXx/cZSYpTPrCAM5xVqVWpLqONeWooJZRQkLDkuFnaNgUEdYcSvuonYCdX2KPm8HDqWRN3hAwTM5Ch+/ZfKwvo4yEP44fwEwDRHKzS7bdv95Vm/WmY56wgAAAA==[0m[Pipeline] stage
[8mha:////4CtBwDLDjI6hY2IPfle9rcokfs6pxea5g9S4IUcavDUQAAAApx+LCAAAAAAAAP9tjTEOwjAUQ3+LOrAycohUYgIhpq5RFk4QmhDSRv+Xn5R24kRcjTvQUokJD5ZtyXqvNxSR4UTsRGOx9RhrL7rQuymJgbi9BhpEQxdRE0YKVig7KDK2WqqiZGFRlsNKwtpiHSh6dAk2stEPXQaNrjwnnrajhNybOzwhkxM5aU7fMjJsb72JhD/OXwCMXYJ8t5/tMD+LD0QKVszCAAAA[0m[Pipeline] { (Hello)
[8mha:////4IaZpS+nRKB1n5/gw4OemkZYDmOHpgR3sTUphQmoexWZAAAApR+LCAAAAAAAAP9tjTEOwjAQBC9BFLSUPOKCoEIoFa3lhheYxBgn1l2wHZyKF/E1/oBFJCq2WO1sM683LIOHmr3BTlNvKTQWBzeavDCx76+OE3Z8wYYpsNModZLc6tOMkqOGOUUJCwErTY3jYMlEWItOPVTlFJnqHH3+jgJK297hCYXI5qh8/MLkYXMb28D08/wVwDREKHeHXPvt8AHN/bm5vgAAAA==[0m[Pipeline] tool
[8mha:////4FoxSxlPo6JS9R5AJdpa4DvjFKFEOLNTXVgsTTTQ1Kt7AAAApR+LCAAAAAAAAP9tjTEOwjAQBC9BFLSUPOIioEIoFa3lhheYxBgn1l2wHZyKF/E1/oBFJCq2WO1sM683LIOHmr3BTlNvKTQWBzeavDCx76+OE3Z8wYYpsNModZLc6tOMkqOGOUUJCwErTY3jYMlEWItOPVTlFJnqHH3+jgJK297hCYXI5qh8/MLkYXMb28D08/wVwDREKHeHXPvt8AGMzKKgvgAAAA==[0m[Pipeline] envVarsForTool
[8mha:////4OaFpFPZBNd/L9vJXkgahjY0qqe9sMQd3Sn909tj2qPCAAAApR+LCAAAAAAAAP9tjTEOwjAQBC9BFLSUPOIihQohqrRWGl5gYmOcWHfGdkgqXsTX+AMWkajYYrWzzbzesI4BThwM9poGS7Gz6N1o8sKJw3B1PGHPF+yYIjuNrZ5aVrpZsOWkYUlRwkrARlPnOFoyCbailw9ZOUmmOqeQv6OA0qo7PKEQ2ZxkSF+YA+xuo4pMP89fAcw+QVkfcu1r/wFPn4+LvgAAAA==[0m[Pipeline] tool
[8mha:////4B5W0M1ungqh7cidOjjNF02nTwmnvJnR+MBEdUuMXSjRAAAApR+LCAAAAAAAAP9tjTEOwjAQBC9BFLSUPMKRSIUQVVorDS8w8WGcWHfGdkgqXsTX+AMWkajYYrWzzbzesI4BThyM6JEGS7GzwrvR5CUmDsPV8SR6voiOKbJD0eLUssZmwZYTwpKihJWEDVLnOFoyCbayVw9VOUWmOqeQv6OE0uo7PKGQ2ZxUSF+YA+xuo45MP89fAcw+Qbk/5Kpr/wEOrpSSvgAAAA==[0m[Pipeline] envVarsForTool
[8mha:////4GAe92lBgIqucVAOQiQbzMgdtXfwa74gAa7CCWMsbOzRAAAAqB+LCAAAAAAAAP9tjTEOwjAUQ3+LOrAycohUAhaEOrFGXThBaEJIGv1fkpR04kRcjTsQqMSEB8u2ZL3nC6rgoSGvmVXYGwydYYMbdU4ske8vjhKzdGYdYSCnWKtSS1Id59pSVDCrKGHBYamwcxQM6ggrbsVd1E6grk/R5+3AoTTyBg8oeCZH4eO3TB7W11EGwh/nLwCmIUK52Wfb7j7P6g3uzTEXwgAAAA==[0m[Pipeline] withEnv
[8mha:////4PDlbH05wuX7CrLRD1DkCLfzSVIXZMK53iwtlOXTo57CAAAApx+LCAAAAAAAAP9tjTEOwjAUQ3+LOrAycoh0ACbE1DXKwglCE0La6P/yk9JOnIircQdaKjHhwbItWe/1hiIynIidaCy2HmPtRRd6NyUxELfXQINo6CJqwkjBCmUHRcZWS1WULCzKclhJWFusA0WPLsFGNvqhy6DRlefE03aUkHtzhydkciInzelbRobtrTeR8Mf5C4CxS5Dv9rMd5mfxASMfXIzCAAAA[0m[Pipeline] {
[8mha:////4IR3plh+aVA+i5JgVIAjJS2cSDCzYnHdc4y9Nw21MhpbAAAApB+LCAAAAAAAAP9tjTEOwjAQBC9BFLSUPOJSIGgQVVrLDS8wsTFOrDtjOyQVL+Jr/IFAJCq2WO1sM88XLFOEI0eLraHOUWocBt/baeHAsbt4HrDlMzZMib1BaQbJ2tQzSs4G5hQlLASsDDWekyObYS1adVeVV2SrU47TdxBQOn2DBxRiMmcV8xfGCJtrrxPTz/NXAGPIUG53n9qHN6Ew6eS+AAAA[0m[Pipeline] echo
Hello World
[8mha:////4AxtMlizMJbuF2DiBy9rAyMX3XHwYldXeEwBJ6zOR0OQAAAApR+LCAAAAAAAAP9tjTEOwjAQBC9BFLSUPOJSIESBqNJabniBiY1xYt0Z2yGpeBFf4w8EIlGxxWpnm3m+YJkiHDlabA11jlLjMPjeTgsHjt3F84Atn7FhSuwNSjNI1qaeUXI2MKcoYSFgZajxnBzZDGvRqruqvCJbnXKcvoOA0ukbPKAQkzmrmL8wRthce52Yfp6/AhhDyFBu95/avQElECzevgAAAA==[0m[Pipeline] }
[8mha:////4CRpZdFpE6wTN3Z9FcDDfMz/zaWsE7D56WPjOcXHhYPxAAAApR+LCAAAAAAAAP9tjTEOwjAQBC9BFLSUPOJSQIGEqNJabniBiY1xYt0Z2yGpeBFf4w8EIlGxxWpnm3m+YJkiHDlabA11jlLjMPjeTgsHjt3F84Atn7FhSuwNSjNI1qaeUXI2MKcoYSFgZajxnBzZDGvRqruqvCJbnXKcvoOA0ukbPKAQkzmrmL8wRthce52Yfp6/AhhDyFBu95/avQFmkn1YvgAAAA==[0m[Pipeline] // withEnv
[8mha:////4Nob8YCf/OwRPKRYAQ/Y3fiHuIw9TkLBwa9pBcrJvC9UAAAApR+LCAAAAAAAAP9tjTEOwjAQBC9BFLSUPOIiQRUhqrRWGl5gYmOcWHfGdkgqXsTX+AMWkajYYrWzzbzesI4BThwM9poGS7Gz6N1o8sKJw3B1PGHPF+yYIjuNrZ5aVrpZsOWkYUlRwkrARlPnOFoyCbailw9ZOUmmOqeQv6OA0qo7PKEQ2ZxkSF+YA+xuo4pMP89fAczeJygPda59/QE/DIv0vgAAAA==[0m[Pipeline] }
[8mha:////4GTH9poXwaE8hG2Ds1ghmSEmA7BAjHgIw9U4oOc2PgE1AAAAph+LCAAAAAAAAP9tjTEOwjAQBC9BFLSUPOKCEAUSSkVrueEFJjHGiXUXbAen4kV8jT9gEYmKLVY728zrDcvgoWZvsNPUWwqNxcGNJi9M7Pur44QdX7BhCuw0Sp0kt/o0o+SoYU5RwkLASlPjOFgyEdaiUw9VOUWmOkefv6OA0rZ3eEIhsjkqH78wedjcxjYw/Tx/BTANQ4Ryv821O3wA71MkYb4AAAA=[0m[Pipeline] // stage
[8mha:////4MTgfzVxXY/VqHq5M43GyIjR/QUaU1fSqoPKwzCVLKb/AAAApx+LCAAAAAAAAP9tjTEOwjAUQ3+DOrAycohUlbohJtaoCycIaQhJo//bJKWdOBFX4w4EKjHhwbItWe/5gjIGOFIw3GnsLUZl+eAnkxOfKfRXTzN3dOGKMJLXvNVzS50+rbWlpGFVwWAjYKtReYoWTYKdcPIuKy/RVOcU8nYQwGw3wgMKkclJhvQtS4D9beoi4Y/zFwDLkIDVTbam/jzLNyT9UT7CAAAA[0m[Pipeline] stage
[8mha:////4DtFE+qdwvxtYcgLu9IirJ2+h9/ZphOnB795WZkC+jgqAAAApx+LCAAAAAAAAP9tjTEOwjAUQ3+LOrAycohUIDbE1DXKwglCE0La6P/yk9JOnIircQdaKjHhwbItWe/1hiIynIidaCy2HmPtRRd6NyUxELfXQINo6CJqwkjBCmUHRcZWS1WULCzKclhJWFusA0WPLsFGNvqhy6DRlefE03aUkHtzhydkciInzelbRobtrTeR8Mf5C4CxS5AfdrPt52fxAdhUMVHCAAAA[0m[Pipeline] { (Compile)
[8mha:////4Dru17m3hhRyAWiLvytnacN8OECegpSn+EQE6dK+cfsxAAAApB+LCAAAAAAAAP9tjTEOwjAQBC9BFLSUPOIiAR2iSmu54QUmNsaJdWdsh6TiRXyNPxCIRMUWq51t5vmCZYpw5GixNdQ5So3D4Hs7LRw4dhfPA7Z8xoYpsTcozSBZm3pGydnAnKKEhYCVocZzcmQzrEWr7qryimx1ynH6DgJKp2/wgEJM5qxi/sIYYXPtdWL6ef4KYAwZyv32U7vwBvbls1O+AAAA[0m[Pipeline] tool
[8mha:////4OpNBwo/VlLQQ49e0dTr1oHUcdMbHZmxj8UlkD7kzYwPAAAApB+LCAAAAAAAAP9tjTEOwjAQBC9BFLSUPOIioXSIitZKwwtMYowd686xHZyKF/E1/kAgEhVbrHa2mecL1jHAkYNGq6g3FFuD3o16Xpg59FfHGS1fsGWK7BQ2KjfcqdOCDScFS4oSVgI2ilrH0ZBOsBVW3mXlJOnqnML8HQSUphvgAYWYzUmG9IUpwO42dpHp5/krgMknKOv9p2r/BjFz8hy+AAAA[0m[Pipeline] envVarsForTool
[8mha:////4KwP90oknfO7t9lZePI79AZehn+O4h/LCOgCpLBpg9B4AAAApB+LCAAAAAAAAP9tjTEOwjAQBC9BFLSUPOIiIagQVVrLDS8wsTFOrDtjOyQVL+Jr/IFAJCq2WO1sM88XLFOEI0eLraHOUWocBt/baeHAsbt4HrDlMzZMib1BaQbJ2tQzSs4G5hQlLASsDDWekyObYS1adVeVV2SrU47TdxBQOn2DBxRiMmcV8xfGCJtrrxPTz/NXAGPIUO62n9qHN3BC6QW+AAAA[0m[Pipeline] tool
[8mha:////4J2vQgU1qlZMBjnB1erHaZNeu3NUJihH1WbxHQ5BsSDkAAAApR+LCAAAAAAAAP9tjTEOwjAQBC9BFLSUPOIiIUSDqNJabniBiY1xYt0Z2yGpeBFf4w8EIlGxxWpnm3m+YJkiHDlabA11jlLjMPjeTgsHjt3F84Atn7FhSuwNSjNI1qaeUXI2MKcoYSFgZajxnBzZDGvRqruqvCJbnXKcvoOA0ukbPKAQkzmrmL8wRthce52Yfp6/AhhDhnK3/dQ+vAGzEcQuvgAAAA==[0m[Pipeline] envVarsForTool
[8mha:////4KQ3WC7GqfyGdDJ0UDwI+/dFJOBgJIb9ZfItbAl7r6FAAAAAqB+LCAAAAAAAAP9tjTEOwjAUQ3+LOrAycohUQkgMiKlrlIUThCaEtNH/5SelnTgRV+MOtFRiwoNlW7Le6w1FZDgRO9FYbD3G2osu9G5KYiBur4EG0dBF1ISRghXKDoqMrZaqKFlYlOWwkrC2WAeKHl2CjWz0Q5dBoyvPiaftKCH35g5PyORETprTt4wM21tvIuGP8xcAY5cg3+9mO8zP4gNqox6YwgAAAA==[0m[Pipeline] withEnv
[8mha:////4Nc4brScMATnw17Yx1zYGAUunIFfyIoVoVJaYkhgOUKJAAAAqB+LCAAAAAAAAP9tjTEOwjAUQ3+LOrAycoh0QQIJMXWNsnCC0ISQNvq//KS0EyfiatyBlkpMeLBsS9Z7vaGIDCdiJxqLrcdYe9GF3k1JDMTtNdAgGrqImjBSsELZQZGx1VIVJQuLshxWEtYW60DRo0uwkY1+6DJodOU58bQdJeTe3OEJmZzISXP6lpFhe+tNJPxx/gJg7BLku/1sh/lZfAD9vR8YwgAAAA==[0m[Pipeline] {
[8mha:////4Mui9+ASqCPxWatowNDYT26gdMLQlXhISZLQogJYHN3lAAAApB+LCAAAAAAAAP9tjTEOwjAQBC9BFLSUPOLSUIAQVVrLDS8wsTFOrDtjOyQVL+Jr/IFAJCq2WO1sM88XLFOEI0eLraHOUWocBt/baeHAsbt4HrDlMzZMib1BaQbJ2tQzSs4G5hQlLASsDDWekyObYS1adVeVV2SrU47TdxBQOn2DBxRiMmcV8xfGCJtrrxPTz/NXAGPIUG53n9qHNzJSLA2+AAAA[0m[Pipeline] sh
+ mvn compile
[INFO] Scanning for projects...
[INFO] 
[INFO] --------------< com.javaproject:database_service_project >--------------
[INFO] Building database_service_project 0.0.5-SNAPSHOT
[INFO]   from pom.xml
[INFO] --------------------------------[ jar ]---------------------------------
[WARNING] 1 problem was encountered while building the effective model for org.javassist:javassist:jar:3.20.0-GA during dependency collection step for project (use -X to see details)
[INFO] 
[INFO] --- jacoco:0.8.7:prepare-agent (jacoco-initialize) @ database_service_project ---
[INFO] argLine set to -javaagent:/var/lib/jenkins/.m2/repository/org/jacoco/org.jacoco.agent/0.8.7/org.jacoco.agent-0.8.7-runtime.jar=destfile=/var/lib/jenkins/workspace/PJ-job-2/target/jacoco.exec
[INFO] 
[INFO] --- resources:3.2.0:resources (default-resources) @ database_service_project ---
[INFO] Using 'UTF-8' encoding to copy filtered resources.
[INFO] Using 'UTF-8' encoding to copy filtered properties files.
[INFO] Copying 1 resource
[INFO] Copying 19 resources
[INFO] 
[INFO] --- compiler:3.8.1:compile (default-compile) @ database_service_project ---
[INFO] Nothing to compile - all classes are up to date
[INFO] ------------------------------------------------------------------------
[INFO] BUILD SUCCESS
[INFO] ------------------------------------------------------------------------
[INFO] Total time:  4.414 s
[INFO] Finished at: 2025-12-21T21:04:41+05:30
[INFO] ------------------------------------------------------------------------
[8mha:////4NdaycYvUOzOD//+cbTPwMxQ7J5SPiIfikk0scyFynEZAAAAph+LCAAAAAAAAP9tjTEOwjAQBC9BFLSUPOJCARISSkVrueEFJjHGiXUXbAen4kV8jT9gEYmKLVY728zrDcvgoWZvsNPUWwqNxcGNJi9M7Pur44QdX7BhCuw0Sp0kt/o0o+SoYU5RwkLASlPjOFgyEdaiUw9VOUWmOkefv6OA0rZ3eEIhsjkqH78wedjcxjYw/Tx/BTANQ4Ryv821O3wA3f8Jkb4AAAA=[0m[Pipeline] }
[8mha:////4CHyRQ2x9sN1hraigl9/Lp7EGT9TJVfikaHesc3VE+eUAAAAph+LCAAAAAAAAP9tjTEOwjAQBC9BFLSUPOIiJBAFSkVrueEFJjHGiXUXbAen4kV8jT9gEYmKLVY728zrDcvgoWZvsNPUWwqNxcGNJi9M7Pur44QdX7BhCuw0Sp0kt/o0o+SoYU5RwkLASlPjOFgyEdaiUw9VOUWmOkefv6OA0rZ3eEIhsjkqH78wedjcxjYw/Tx/BTANQ4Ryv821O3wA6THqyr4AAAA=[0m[Pipeline] // withEnv
[8mha:////4Mm8TGF0W/kzVoJ6o7MT4ye4EUiRd5RN1smTgI7jbZ0XAAAApR+LCAAAAAAAAP9tjTEOwjAQBC9BFLSUPOIiRVAhqrRWGl5gYmOcWHfGdkgqXsTX+AMWkajYYrWzzbzesI4BThwM9poGS7Gz6N1o8sKJw3B1PGHPF+yYIjuNrZ5aVrpZsOWkYUlRwkrARlPnOFoyCbailw9ZOUmmOqeQv6OA0qo7PKEQ2ZxkSF+YA+xuo4pMP89fAczeJygPda59/QHItxQ8vgAAAA==[0m[Pipeline] }
[8mha:////4M0kz0OnPlAO32mMT3inivS4EghmVMpDWKj0xJ76ZCV6AAAApR+LCAAAAAAAAP9tjTEOwjAQBC9BFLSUPOIiBFQoFa3lhheYxBgn1l2wHZyKF/E1/oBFJCq2WO1sM683LIOHmr3BTlNvKTQWBzeavDCx76+OE3Z8wYYpsNModZLc6tOMkqOGOUUJCwErTY3jYMlEWItOPVTlFJnqHH3+jgJK297hCYXI5qh8/MLkYXMb28D08/wVwDQMEcrDLtd++wHXNUFuvgAAAA==[0m[Pipeline] // stage
[8mha:////4JEbHXqB62GYTg7AQErxkm8k9oyUN3ZYsdSqoy2FoE0jAAAAqB+LCAAAAAAAAP9tjTEOwjAUQ3+LOrAycohUSGVCTF2jLJwgJCGkjf4vSUo7cSKuxh0IVGLCg2Vbst7zBVUMcKRgWWewdxiVY4MfbU5sotBfPE2sozNThJG8YcJMgrRplyooGVhUlLDisDaoPEWHNsGGd/Iuay/R1qcU8nbgUDp9gwcUPJOTDOlb5gDb66gj4Y/zFwDzkKDcNdn2zedZvQEjZ+vIwgAAAA==[0m[Pipeline] stage
[8mha:////4Ozs9eYLPa2AmXBsA29Yg8ttJxr+yO6zqVGBtW/EuuWqAAAAph+LCAAAAAAAAP9tjTEOwjAUQ3+DOrAycoh0oRNiYo26cILQhJA0+r9NUtKJE3E17kBLJSY8WLYl673eUMYAJwqGO42dxdha3vvRzIlnCt3NU+aOrrwljOQ1b3RuSOnzWhtKGlYVDDYCthpbT9GiSbATTj5k5SWa6pLCvB0FMKsGeEIhZnKSIX3LFGB/H1Uk/HH+AmDqE7D6sFi9PMsP+Y+xAMIAAAA=[0m[Pipeline] { (testing)
[8mha:////4C2QyJ8fXiwV2RcgpBzjMgweUdvPWJqECM4JdIfD0vw7AAAAox+LCAAAAAAAAP9tjTESwiAURH/iWNhaeghSxcaxsmVoPAEmiBDmfwJEUnkir+YdRDNj5RY7+7Z5zxesY4AjBc2swsFg7AzzbtJlsUxhuDrKzNKFdYSRnGJCZUG9Oi0oKClYUtWw4rBR2DmKBnWCLbfyLhsnUTfnFMp34FCbfoQHVLyYkwzpC3OA3W3qI+HP81cAs09Qt+2n9v4NlEULJr4AAAA=[0m[Pipeline] tool
[8mha:////4IEncbvMHnzZ0xUab8gvh+mvnBmtKs1EeHAoGbF3s5rbAAAAox+LCAAAAAAAAP9tjTESwiAURH/iWNhaeghSZSwcK1uGxhNggghh/idAJJUn8mreQTQzVm6xs2+b93zBOgY4UtDMKhwMxs4w7yZdFssUhqujzCxdWEcYySkmVBbUq9OCgpKCJVUNKw4bhZ2jaFAn2HIr77JxEnVzTqF8Bw616Ud4QMWLOcmQvjAH2N2mPhL+PH8FMPsEddt+au/f1XQQP74AAAA=[0m[Pipeline] envVarsForTool
[8mha:////4HUSoVwSD3fZVDo2VKelULGHad1vZM8AHwgPEoVtsSQkAAAApB+LCAAAAAAAAP9tjbEOwiAURV9rHFwd/Qg6NTExTq6ExS/AFhFK3qNApZNf5K/5D6JNnLzDzT13Oc8XrGOAIwXNrMLBYOwM827SZbFMYbg6yszShXWEkZxiQmVBvTotKCgpWFLVsOKwUdg5igZ1gi238i4bJ1E35xTKd+BQm36EB1S8mJMM6QtzgN1t6iPhz/NXALNPULftp/b+DRpoiLi+AAAA[0m[Pipeline] tool
[8mha:////4AxJvmeFYaWoOEbOu+wtM8bh4AFPgnD3EFxN/yLRxdD3AAAAox+LCAAAAAAAAP9tjTESwiAURH/iWNhaeghSpXAcK1uGxhNggghh/idAJJUn8mreQTQzVm6xs2+b93zBOgY4UtDMKhwMxs4w7yZdFssUhqujzCxdWEcYySkmVBbUq9OCgpKCJVUNKw4bhZ2jaFAn2HIr77JxEnVzTqF8Bw616Ud4QMWLOcmQvjAH2N2mPhL+PH8FMPsEddt+au/fW1mTob4AAAA=[0m[Pipeline] envVarsForTool
[8mha:////4K1RW5UcudEaubOGX+Uxcg4fjRo/WcTWssOEDcJ7wCEEAAAApx+LCAAAAAAAAP9tjTEOwjAUQ3+LOrAycoiUpSyIqWuUhROEJIS00f8lSWknTsTVuAOBSkx4sGxL1nu+oIoBjhQs6wz2DqNybPCjzYlNFPqLp4l1dGaKMJI3TJhJkDbtUgUlA4uKElYc1gaVp+jQJtjwTt5l7SXa+pRC3g4cSqdv8ICCZ3KSIX3LHGB7HXUk/HH+AmAeEpRNk22/+zyrNxfbGqDCAAAA[0m[Pipeline] withEnv
[8mha:////4CnKPXi0NBS9vfO9ApqH0MeadePjxYOYAuJ3YR/toy5GAAAApx+LCAAAAAAAAP9tjTEOwjAUQ3+LOrAycogUFhbE1DXKwglCE0La6P/yk9JOnIircQdaKjHhwbItWe/1hiIynIidaCy2HmPtRRd6NyUxELfXQINo6CJqwkjBCmUHRcZWS1WULCzKclhJWFusA0WPLsFGNvqhy6DRlefE03aUkHtzhydkciInzelbRobtrTeR8Mf5C4CxS5AfdrPt52fxAQB2j23CAAAA[0m[Pipeline] {
[8mha:////4LFBqNKtUrQeoOyPUJ4Nu4NxpWR5vD1kadAE7h6Ksg3kAAAApB+LCAAAAAAAAP9tjTEOwjAQBC9BFLSUPOIiKGgQVVrLDS8wsTFOrDtjOyQVL+Jr/IFAJCq2WO1sM88XLFOEI0eLraHOUWocBt/baeHAsbt4HrDlMzZMib1BaQbJ2tQzSs4G5hQlLASsDDWekyObYS1adVeVV2SrU47TdxBQOn2DBxRiMmcV8xfGCJtrrxPTz/NXAGPIUO63n9qFNzkd4Tq+AAAA[0m[Pipeline] sh
+ mvn test
[INFO] Scanning for projects...
[INFO] 
[INFO] --------------< com.javaproject:database_service_project >--------------
[INFO] Building database_service_project 0.0.5-SNAPSHOT
[INFO]   from pom.xml
[INFO] --------------------------------[ jar ]---------------------------------
[WARNING] 1 problem was encountered while building the effective model for org.javassist:javassist:jar:3.20.0-GA during dependency collection step for project (use -X to see details)
[INFO] 
[INFO] --- jacoco:0.8.7:prepare-agent (jacoco-initialize) @ database_service_project ---
[INFO] argLine set to -javaagent:/var/lib/jenkins/.m2/repository/org/jacoco/org.jacoco.agent/0.8.7/org.jacoco.agent-0.8.7-runtime.jar=destfile=/var/lib/jenkins/workspace/PJ-job-2/target/jacoco.exec
[INFO] 
[INFO] --- resources:3.2.0:resources (default-resources) @ database_service_project ---
[INFO] Using 'UTF-8' encoding to copy filtered resources.
[INFO] Using 'UTF-8' encoding to copy filtered properties files.
[INFO] Copying 1 resource
[INFO] Copying 19 resources
[INFO] 
[INFO] --- compiler:3.8.1:compile (default-compile) @ database_service_project ---
[INFO] Nothing to compile - all classes are up to date
[INFO] 
[INFO] --- resources:3.2.0:testResources (default-testResources) @ database_service_project ---
[INFO] Using 'UTF-8' encoding to copy filtered resources.
[INFO] Using 'UTF-8' encoding to copy filtered properties files.
[INFO] skip non existing resourceDirectory /var/lib/jenkins/workspace/PJ-job-2/src/test/resources
[INFO] 
[INFO] --- compiler:3.8.1:testCompile (default-testCompile) @ database_service_project ---
[INFO] Nothing to compile - all classes are up to date
[INFO] 
[INFO] --- surefire:2.22.2:test (default-test) @ database_service_project ---
[INFO] 
[INFO] -------------------------------------------------------
[INFO]  T E S T S
[INFO] -------------------------------------------------------
[INFO] Running com.javaproject.DatabaseServiceProjectApplicationTests
21:04:52.495 [main] DEBUG org.springframework.test.context.BootstrapUtils - Instantiating CacheAwareContextLoaderDelegate from class [org.springframework.test.context.cache.DefaultCacheAwareContextLoaderDelegate]
21:04:52.653 [main] DEBUG org.springframework.test.context.BootstrapUtils - Instantiating BootstrapContext using constructor [public org.springframework.test.context.support.DefaultBootstrapContext(java.lang.Class,org.springframework.test.context.CacheAwareContextLoaderDelegate)]
21:04:52.763 [main] DEBUG org.springframework.test.context.BootstrapUtils - Instantiating TestContextBootstrapper for test class [com.javaproject.DatabaseServiceProjectApplicationTests] from class [org.springframework.boot.test.context.SpringBootTestContextBootstrapper]
21:04:52.801 [main] INFO org.springframework.boot.test.context.SpringBootTestContextBootstrapper - Neither @ContextConfiguration nor @ContextHierarchy found for test class [com.javaproject.DatabaseServiceProjectApplicationTests], using SpringBootContextLoader
21:04:52.812 [main] DEBUG org.springframework.test.context.support.AbstractContextLoader - Did not detect default resource location for test class [com.javaproject.DatabaseServiceProjectApplicationTests]: class path resource [com/javaproject/DatabaseServiceProjectApplicationTests-context.xml] does not exist
21:04:52.813 [main] DEBUG org.springframework.test.context.support.AbstractContextLoader - Did not detect default resource location for test class [com.javaproject.DatabaseServiceProjectApplicationTests]: class path resource [com/javaproject/DatabaseServiceProjectApplicationTestsContext.groovy] does not exist
21:04:52.814 [main] INFO org.springframework.test.context.support.AbstractContextLoader - Could not detect default resource locations for test class [com.javaproject.DatabaseServiceProjectApplicationTests]: no resource found for suffixes {-context.xml, Context.groovy}.
21:04:52.824 [main] INFO org.springframework.test.context.support.AnnotationConfigContextLoaderUtils - Could not detect default configuration classes for test class [com.javaproject.DatabaseServiceProjectApplicationTests]: DatabaseServiceProjectApplicationTests does not declare any static, non-private, non-final, nested classes annotated with @Configuration.
21:04:52.971 [main] DEBUG org.springframework.test.context.support.ActiveProfilesUtils - Could not find an 'annotation declaring class' for annotation type [org.springframework.test.context.ActiveProfiles] and class [com.javaproject.DatabaseServiceProjectApplicationTests]
21:04:53.243 [main] DEBUG org.springframework.context.annotation.ClassPathScanningCandidateComponentProvider - Identified candidate component class: file [/var/lib/jenkins/workspace/PJ-job-2/target/classes/com/javaproject/DatabaseServiceProjectApplication.class]
21:04:53.245 [main] INFO org.springframework.boot.test.context.SpringBootTestContextBootstrapper - Found @SpringBootConfiguration com.javaproject.DatabaseServiceProjectApplication for test class com.javaproject.DatabaseServiceProjectApplicationTests
21:04:53.795 [main] DEBUG org.springframework.boot.test.context.SpringBootTestContextBootstrapper - @TestExecutionListeners is not present for class [com.javaproject.DatabaseServiceProjectApplicationTests]: using defaults.
21:04:53.796 [main] INFO org.springframework.boot.test.context.SpringBootTestContextBootstrapper - Loaded default TestExecutionListener class names from location [META-INF/spring.factories]: [org.springframework.boot.test.mock.mockito.MockitoTestExecutionListener, org.springframework.boot.test.mock.mockito.ResetMocksTestExecutionListener, org.springframework.boot.test.autoconfigure.restdocs.RestDocsTestExecutionListener, org.springframework.boot.test.autoconfigure.web.client.MockRestServiceServerResetTestExecutionListener, org.springframework.boot.test.autoconfigure.web.servlet.MockMvcPrintOnlyOnFailureTestExecutionListener, org.springframework.boot.test.autoconfigure.web.servlet.WebDriverTestExecutionListener, org.springframework.boot.test.autoconfigure.webservices.client.MockWebServiceServerTestExecutionListener, org.springframework.test.context.web.ServletTestExecutionListener, org.springframework.test.context.support.DirtiesContextBeforeModesTestExecutionListener, org.springframework.test.context.event.ApplicationEventsTestExecutionListener, org.springframework.test.context.support.DependencyInjectionTestExecutionListener, org.springframework.test.context.support.DirtiesContextTestExecutionListener, org.springframework.test.context.transaction.TransactionalTestExecutionListener, org.springframework.test.context.jdbc.SqlScriptsTestExecutionListener, org.springframework.test.context.event.EventPublishingTestExecutionListener, org.springframework.security.test.context.support.WithSecurityContextTestExecutionListener, org.springframework.security.test.context.support.ReactorContextTestExecutionListener]
21:04:53.891 [main] INFO org.springframework.boot.test.context.SpringBootTestContextBootstrapper - Using TestExecutionListeners: [org.springframework.test.context.web.ServletTestExecutionListener@62a4417, org.springframework.test.context.support.DirtiesContextBeforeModesTestExecutionListener@43f61afb, org.springframework.test.context.event.ApplicationEventsTestExecutionListener@713064e8, org.springframework.boot.test.mock.mockito.MockitoTestExecutionListener@4fad6218, org.springframework.boot.test.autoconfigure.SpringBootDependencyInjectionTestExecutionListener@1bf39d06, org.springframework.test.context.support.DirtiesContextTestExecutionListener@68217d41, org.springframework.test.context.transaction.TransactionalTestExecutionListener@1ac45389, org.springframework.test.context.jdbc.SqlScriptsTestExecutionListener@3e5d4f6b, org.springframework.test.context.event.EventPublishingTestExecutionListener@39c1fe0b, org.springframework.security.test.context.support.WithSecurityContextTestExecutionListener@5ae95707, org.springframework.security.test.context.support.ReactorContextTestExecutionListener@62891fc8, org.springframework.boot.test.mock.mockito.ResetMocksTestExecutionListener@367b22e5, org.springframework.boot.test.autoconfigure.restdocs.RestDocsTestExecutionListener@fca387, org.springframework.boot.test.autoconfigure.web.client.MockRestServiceServerResetTestExecutionListener@10bd9df0, org.springframework.boot.test.autoconfigure.web.servlet.MockMvcPrintOnlyOnFailureTestExecutionListener@3ae0b770, org.springframework.boot.test.autoconfigure.web.servlet.WebDriverTestExecutionListener@55e3d6c3, org.springframework.boot.test.autoconfigure.webservices.client.MockWebServiceServerTestExecutionListener@30e6a763]
21:04:53.946 [main] DEBUG org.springframework.test.context.support.AbstractDirtiesContextTestExecutionListener - Before test class: context [DefaultTestContext@240f6c41 testClass = DatabaseServiceProjectApplicationTests, testInstance = [null], testMethod = [null], testException = [null], mergedContextConfiguration = [WebMergedContextConfiguration@3659d7b1 testClass = DatabaseServiceProjectApplicationTests, locations = '{}', classes = '{class com.javaproject.DatabaseServiceProjectApplication}', contextInitializerClasses = '[]', activeProfiles = '{}', propertySourceLocations = '{}', propertySourceProperties = '{org.springframework.boot.test.context.SpringBootTestContextBootstrapper=true}', contextCustomizers = set[[ImportsContextCustomizer@2015b2cd key = [org.springframework.boot.test.autoconfigure.web.servlet.MockMvcAutoConfiguration, org.springframework.boot.test.autoconfigure.web.servlet.MockMvcWebClientAutoConfiguration, org.springframework.boot.test.autoconfigure.web.servlet.MockMvcWebDriverAutoConfiguration, org.springframework.boot.autoconfigure.security.oauth2.client.servlet.OAuth2ClientAutoConfiguration, org.springframework.boot.autoconfigure.security.oauth2.resource.servlet.OAuth2ResourceServerAutoConfiguration, org.springframework.boot.autoconfigure.security.servlet.SecurityAutoConfiguration, org.springframework.boot.autoconfigure.security.servlet.SecurityFilterAutoConfiguration, org.springframework.boot.autoconfigure.security.servlet.UserDetailsServiceAutoConfiguration, org.springframework.boot.test.autoconfigure.web.servlet.MockMvcSecurityConfiguration]], org.springframework.boot.test.context.filter.ExcludeFilterContextCustomizer@5922ae77, org.springframework.boot.test.json.DuplicateJsonObjectContextCustomizerFactory$DuplicateJsonObjectContextCustomizer@3deb2326, org.springframework.boot.test.mock.mockito.MockitoContextCustomizer@0, org.springframework.boot.test.web.client.TestRestTemplateContextCustomizer@411341bd, org.springframework.boot.test.autoconfigure.actuate.metrics.MetricsExportContextCustomizerFactory$DisableMetricExportContextCustomizer@486be205, org.springframework.boot.test.autoconfigure.properties.PropertyMappingContextCustomizer@4b3fa0b3, org.springframework.boot.test.autoconfigure.web.servlet.WebDriverContextCustomizerFactory$Customizer@5489c777, org.springframework.boot.test.context.SpringBootTestArgs@1, org.springframework.boot.test.context.SpringBootTestWebEnvironment@2898ac89], resourceBasePath = 'src/main/webapp', contextLoader = 'org.springframework.boot.test.context.SpringBootContextLoader', parent = [null]], attributes = map['org.springframework.test.context.web.ServletTestExecutionListener.activateListener' -> true]], class annotated with @DirtiesContext [false] with mode [null].
21:04:54.195 [main] DEBUG org.springframework.test.context.support.TestPropertySourceUtils - Adding inlined properties to environment: {spring.jmx.enabled=false, org.springframework.boot.test.context.SpringBootTestContextBootstrapper=true}

  .   ____          _            __ _ _
 /\\ / ___'_ __ _ _(_)_ __  __ _ \ \ \ \
( ( )\___ | '_ | '_| | '_ \/ _` | \ \ \ \
 \\/  ___)| |_)| | | | | || (_| |  ) ) ) )
  '  |____| .__|_| |_|_| |_\__, | / / / /
 =========|_|==============|___/=/_/_/_/
 :: Spring Boot ::                (v2.5.6)

2025-12-21 21:04:55.635  INFO 172017 --- [           main] j.DatabaseServiceProjectApplicationTests : Starting DatabaseServiceProjectApplicationTests using Java 17.0.16 on divy with PID 172017 (started by jenkins in /var/lib/jenkins/workspace/PJ-job-2)
2025-12-21 21:04:55.640  INFO 172017 --- [           main] j.DatabaseServiceProjectApplicationTests : No active profile set, falling back to default profiles: default
2025-12-21 21:04:58.853  INFO 172017 --- [           main] .s.d.r.c.RepositoryConfigurationDelegate : Multiple Spring Data modules found, entering strict repository configuration mode!
2025-12-21 21:04:58.893  INFO 172017 --- [           main] .s.d.r.c.RepositoryConfigurationDelegate : Bootstrapping Spring Data JDBC repositories in DEFAULT mode.
2025-12-21 21:04:58.917  INFO 172017 --- [           main] .s.d.r.c.RepositoryConfigurationDelegate : Finished Spring Data repository scanning in 14 ms. Found 0 JDBC repository interfaces.
2025-12-21 21:04:58.940  INFO 172017 --- [           main] .s.d.r.c.RepositoryConfigurationDelegate : Multiple Spring Data modules found, entering strict repository configuration mode!
2025-12-21 21:04:58.942  INFO 172017 --- [           main] .s.d.r.c.RepositoryConfigurationDelegate : Bootstrapping Spring Data JPA repositories in DEFAULT mode.
2025-12-21 21:04:58.956  INFO 172017 --- [           main] .s.d.r.c.RepositoryConfigurationDelegate : Finished Spring Data repository scanning in 1 ms. Found 0 JPA repository interfaces.
2025-12-21 21:04:59.847  INFO 172017 --- [           main] com.zaxxer.hikari.HikariDataSource       : HikariPool-1 - Starting...
2025-12-21 21:05:01.135  INFO 172017 --- [           main] com.zaxxer.hikari.HikariDataSource       : HikariPool-1 - Start completed.
2025-12-21 21:05:01.562  INFO 172017 --- [           main] o.hibernate.jpa.internal.util.LogHelper  : HHH000204: Processing PersistenceUnitInfo [name: default]
2025-12-21 21:05:01.740  INFO 172017 --- [           main] org.hibernate.Version                    : HHH000412: Hibernate ORM core version 5.4.32.Final
2025-12-21 21:05:02.081  INFO 172017 --- [           main] o.hibernate.annotations.common.Version   : HCANN000001: Hibernate Commons Annotations {5.1.2.Final}
2025-12-21 21:05:02.333  INFO 172017 --- [           main] org.hibernate.dialect.Dialect            : HHH000400: Using dialect: org.hibernate.dialect.H2Dialect
2025-12-21 21:05:02.842  INFO 172017 --- [           main] o.h.e.t.j.p.i.JtaPlatformInitiator       : HHH000490: Using JtaPlatform implementation: [org.hibernate.engine.transaction.jta.platform.internal.NoJtaPlatform]
2025-12-21 21:05:02.865  INFO 172017 --- [           main] j.LocalContainerEntityManagerFactoryBean : Initialized JPA EntityManagerFactory for persistence unit 'default'
2025-12-21 21:05:03.173  WARN 172017 --- [           main] JpaBaseConfiguration$JpaWebConfiguration : spring.jpa.open-in-view is enabled by default. Therefore, database queries may be performed during view rendering. Explicitly configure spring.jpa.open-in-view to disable this warning
2025-12-21 21:05:03.262  INFO 172017 --- [           main] o.s.s.p.JdbcUserDetailsManager           : No authentication manager set. Reauthentication of users when changing passwords will not be performed.
2025-12-21 21:05:03.878  INFO 172017 --- [           main] o.s.s.web.DefaultSecurityFilterChain     : Will secure any request with [org.springframework.security.web.context.request.async.WebAsyncManagerIntegrationFilter@47a0e73, org.springframework.security.web.context.SecurityContextPersistenceFilter@21ebdd89, org.springframework.security.web.header.HeaderWriterFilter@11972f4a, org.springframework.security.web.authentication.logout.LogoutFilter@5ed9907b, org.springframework.security.web.authentication.UsernamePasswordAuthenticationFilter@6ed810f3, org.springframework.security.web.savedrequest.RequestCacheAwareFilter@16a58368, org.springframework.security.web.servletapi.SecurityContextHolderAwareRequestFilter@60f66b9, org.springframework.security.web.authentication.AnonymousAuthenticationFilter@66e81cdd, org.springframework.security.web.session.SessionManagementFilter@774ea667, org.springframework.security.web.access.ExceptionTranslationFilter@34260b5e, org.springframework.security.web.access.intercept.FilterSecurityInterceptor@2efb1871]
2025-12-21 21:05:04.651  INFO 172017 --- [           main] o.s.b.a.h2.H2ConsoleAutoConfiguration    : H2 console available at '/h2-console'. Database available at 'jdbc:h2:mem:testdb'
2025-12-21 21:05:04.750  INFO 172017 --- [           main] o.s.b.a.w.s.WelcomePageHandlerMapping    : Adding welcome page template: index
2025-12-21 21:05:05.261  INFO 172017 --- [           main] o.s.b.t.m.w.SpringBootMockServletContext : Initializing Spring TestDispatcherServlet ''
2025-12-21 21:05:05.261  INFO 172017 --- [           main] o.s.t.web.servlet.TestDispatcherServlet  : Initializing Servlet ''
2025-12-21 21:05:05.263  INFO 172017 --- [           main] o.s.t.web.servlet.TestDispatcherServlet  : Completed initialization in 1 ms
2025-12-21 21:05:05.291  INFO 172017 --- [           main] j.DatabaseServiceProjectApplicationTests : Started DatabaseServiceProjectApplicationTests in 11.059 seconds (JVM running for 17.44)
[INFO] Tests run: 1, Failures: 0, Errors: 0, Skipped: 0, Time elapsed: 14.048 s - in com.javaproject.DatabaseServiceProjectApplicationTests
[INFO] Running com.javaproject.TestController
2025-12-21 21:05:05.815  INFO 172017 --- [           main] .b.t.c.SpringBootTestContextBootstrapper : Neither @ContextConfiguration nor @ContextHierarchy found for test class [com.javaproject.TestController], using SpringBootContextLoader
2025-12-21 21:05:05.816  INFO 172017 --- [           main] o.s.t.c.support.AbstractContextLoader    : Could not detect default resource locations for test class [com.javaproject.TestController]: no resource found for suffixes {-context.xml, Context.groovy}.
2025-12-21 21:05:05.816  INFO 172017 --- [           main] t.c.s.AnnotationConfigContextLoaderUtils : Could not detect default configuration classes for test class [com.javaproject.TestController]: TestController does not declare any static, non-private, non-final, nested classes annotated with @Configuration.
2025-12-21 21:05:05.820  INFO 172017 --- [           main] .b.t.c.SpringBootTestContextBootstrapper : Found @SpringBootConfiguration com.javaproject.DatabaseServiceProjectApplication for test class com.javaproject.TestController
2025-12-21 21:05:05.821  INFO 172017 --- [           main] .b.t.c.SpringBootTestContextBootstrapper : Loaded default TestExecutionListener class names from location [META-INF/spring.factories]: [org.springframework.boot.test.mock.mockito.MockitoTestExecutionListener, org.springframework.boot.test.mock.mockito.ResetMocksTestExecutionListener, org.springframework.boot.test.autoconfigure.restdocs.RestDocsTestExecutionListener, org.springframework.boot.test.autoconfigure.web.client.MockRestServiceServerResetTestExecutionListener, org.springframework.boot.test.autoconfigure.web.servlet.MockMvcPrintOnlyOnFailureTestExecutionListener, org.springframework.boot.test.autoconfigure.web.servlet.WebDriverTestExecutionListener, org.springframework.boot.test.autoconfigure.webservices.client.MockWebServiceServerTestExecutionListener, org.springframework.test.context.web.ServletTestExecutionListener, org.springframework.test.context.support.DirtiesContextBeforeModesTestExecutionListener, org.springframework.test.context.event.ApplicationEventsTestExecutionListener, org.springframework.test.context.support.DependencyInjectionTestExecutionListener, org.springframework.test.context.support.DirtiesContextTestExecutionListener, org.springframework.test.context.transaction.TransactionalTestExecutionListener, org.springframework.test.context.jdbc.SqlScriptsTestExecutionListener, org.springframework.test.context.event.EventPublishingTestExecutionListener, org.springframework.security.test.context.support.WithSecurityContextTestExecutionListener, org.springframework.security.test.context.support.ReactorContextTestExecutionListener]
2025-12-21 21:05:05.822  INFO 172017 --- [           main] .b.t.c.SpringBootTestContextBootstrapper : Using TestExecutionListeners: [org.springframework.test.context.web.ServletTestExecutionListener@423a5c9c, org.springframework.test.context.support.DirtiesContextBeforeModesTestExecutionListener@2ef77fcc, org.springframework.test.context.event.ApplicationEventsTestExecutionListener@4e579bd, org.springframework.boot.test.mock.mockito.MockitoTestExecutionListener@7aa9bfc6, org.springframework.boot.test.autoconfigure.SpringBootDependencyInjectionTestExecutionListener@6ae7c2b3, org.springframework.test.context.support.DirtiesContextTestExecutionListener@7f7bd93c, org.springframework.test.context.transaction.TransactionalTestExecutionListener@50fc7fff, org.springframework.test.context.jdbc.SqlScriptsTestExecutionListener@671cada9, org.springframework.test.context.event.EventPublishingTestExecutionListener@33ba19a3, org.springframework.security.test.context.support.WithSecurityContextTestExecutionListener@122984d1, org.springframework.security.test.context.support.ReactorContextTestExecutionListener@219912ec, org.springframework.boot.test.mock.mockito.ResetMocksTestExecutionListener@23ea8293, org.springframework.boot.test.autoconfigure.restdocs.RestDocsTestExecutionListener@40fef04c, org.springframework.boot.test.autoconfigure.web.client.MockRestServiceServerResetTestExecutionListener@1e2ffb8e, org.springframework.boot.test.autoconfigure.web.servlet.MockMvcPrintOnlyOnFailureTestExecutionListener@77c894d5, org.springframework.boot.test.autoconfigure.web.servlet.WebDriverTestExecutionListener@417ea5, org.springframework.boot.test.autoconfigure.webservices.client.MockWebServiceServerTestExecutionListener@378a9271]
return value is: 4

MockHttpServletRequest:
      HTTP Method = POST
      Request URI = /boardgameAdded
       Parameters = {name=[onecard], level=[1], minPlayers=[2], maxPlayers=[+], gameType=[Party Game]}
          Headers = []
             Body = null
    Session Attrs = {}

Handler:
             Type = com.javaproject.controllers.HomeController
           Method = com.javaproject.controllers.HomeController#boardgameAdded(BoardGame)

Async:
    Async started = false
     Async result = null

Resolved Exception:
             Type = null

ModelAndView:
        View name = redirect:/
             View = null
            Model = null

FlashMap:
       Attributes = null

MockHttpServletResponse:
           Status = 302
    Error message = null
          Headers = [Content-Language:"en", X-Content-Type-Options:"nosniff", X-XSS-Protection:"1; mode=block", Cache-Control:"no-cache, no-store, max-age=0, must-revalidate", Pragma:"no-cache", Expires:"0", Location:"/"]
     Content type = null
             Body = 
    Forwarded URL = null
   Redirected URL = /
          Cookies = []
return value is: 1
return value is: 1
[INFO] Tests run: 4, Failures: 0, Errors: 0, Skipped: 0, Time elapsed: 0.782 s - in com.javaproject.TestController
[INFO] Running com.javaproject.TestDatabase
2025-12-21 21:05:06.663  INFO 172017 --- [           main] .b.t.c.SpringBootTestContextBootstrapper : Neither @ContextConfiguration nor @ContextHierarchy found for test class [com.javaproject.TestDatabase], using SpringBootContextLoader
2025-12-21 21:05:06.664  INFO 172017 --- [           main] o.s.t.c.support.AbstractContextLoader    : Could not detect default resource locations for test class [com.javaproject.TestDatabase]: no resource found for suffixes {-context.xml, Context.groovy}.
2025-12-21 21:05:06.664  INFO 172017 --- [           main] t.c.s.AnnotationConfigContextLoaderUtils : Could not detect default configuration classes for test class [com.javaproject.TestDatabase]: TestDatabase does not declare any static, non-private, non-final, nested classes annotated with @Configuration.
2025-12-21 21:05:06.666  INFO 172017 --- [           main] .b.t.c.SpringBootTestContextBootstrapper : Found @SpringBootConfiguration com.javaproject.DatabaseServiceProjectApplication for test class com.javaproject.TestDatabase
2025-12-21 21:05:06.667  INFO 172017 --- [           main] .b.t.c.SpringBootTestContextBootstrapper : Loaded default TestExecutionListener class names from location [META-INF/spring.factories]: [org.springframework.boot.test.mock.mockito.MockitoTestExecutionListener, org.springframework.boot.test.mock.mockito.ResetMocksTestExecutionListener, org.springframework.boot.test.autoconfigure.restdocs.RestDocsTestExecutionListener, org.springframework.boot.test.autoconfigure.web.client.MockRestServiceServerResetTestExecutionListener, org.springframework.boot.test.autoconfigure.web.servlet.MockMvcPrintOnlyOnFailureTestExecutionListener, org.springframework.boot.test.autoconfigure.web.servlet.WebDriverTestExecutionListener, org.springframework.boot.test.autoconfigure.webservices.client.MockWebServiceServerTestExecutionListener, org.springframework.test.context.web.ServletTestExecutionListener, org.springframework.test.context.support.DirtiesContextBeforeModesTestExecutionListener, org.springframework.test.context.event.ApplicationEventsTestExecutionListener, org.springframework.test.context.support.DependencyInjectionTestExecutionListener, org.springframework.test.context.support.DirtiesContextTestExecutionListener, org.springframework.test.context.transaction.TransactionalTestExecutionListener, org.springframework.test.context.jdbc.SqlScriptsTestExecutionListener, org.springframework.test.context.event.EventPublishingTestExecutionListener, org.springframework.security.test.context.support.WithSecurityContextTestExecutionListener, org.springframework.security.test.context.support.ReactorContextTestExecutionListener]
2025-12-21 21:05:06.668  INFO 172017 --- [           main] .b.t.c.SpringBootTestContextBootstrapper : Using TestExecutionListeners: [org.springframework.test.context.web.ServletTestExecutionListener@3c556542, org.springframework.test.context.support.DirtiesContextBeforeModesTestExecutionListener@4a6ed38, org.springframework.test.context.event.ApplicationEventsTestExecutionListener@7fed08c6, org.springframework.boot.test.mock.mockito.MockitoTestExecutionListener@6749add0, org.springframework.boot.test.autoconfigure.SpringBootDependencyInjectionTestExecutionListener@7021ab0e, org.springframework.test.context.support.DirtiesContextTestExecutionListener@43dd471f, org.springframework.test.context.transaction.TransactionalTestExecutionListener@54e1dc9a, org.springframework.test.context.jdbc.SqlScriptsTestExecutionListener@7eecccfb, org.springframework.test.context.event.EventPublishingTestExecutionListener@3e871f3, org.springframework.security.test.context.support.WithSecurityContextTestExecutionListener@2aa43b2e, org.springframework.security.test.context.support.ReactorContextTestExecutionListener@707b37ec, org.springframework.boot.test.mock.mockito.ResetMocksTestExecutionListener@6868b60c, org.springframework.boot.test.autoconfigure.restdocs.RestDocsTestExecutionListener@28cf351b, org.springframework.boot.test.autoconfigure.web.client.MockRestServiceServerResetTestExecutionListener@23b91667, org.springframework.boot.test.autoconfigure.web.servlet.MockMvcPrintOnlyOnFailureTestExecutionListener@a5491ab, org.springframework.boot.test.autoconfigure.web.servlet.WebDriverTestExecutionListener@27a18e3b, org.springframework.boot.test.autoconfigure.webservices.client.MockWebServiceServerTestExecutionListener@76171039]
[INFO] Tests run: 1, Failures: 0, Errors: 0, Skipped: 0, Time elapsed: 0.001 s - in com.javaproject.TestDatabase
2025-12-21 21:05:06.764  INFO 172017 --- [ionShutdownHook] j.LocalContainerEntityManagerFactoryBean : Closing JPA EntityManagerFactory for persistence unit 'default'
2025-12-21 21:05:06.764  INFO 172017 --- [ionShutdownHook] .SchemaDropperImpl$DelayedDropActionImpl : HHH000477: Starting delayed evictData of schema as part of SessionFactory shut-down'
2025-12-21 21:05:06.772  INFO 172017 --- [ionShutdownHook] com.zaxxer.hikari.HikariDataSource       : HikariPool-1 - Shutdown initiated...
2025-12-21 21:05:06.775  INFO 172017 --- [ionShutdownHook] com.zaxxer.hikari.HikariDataSource       : HikariPool-1 - Shutdown completed.
[INFO] 
[INFO] Results:
[INFO] 
[INFO] Tests run: 6, Failures: 0, Errors: 0, Skipped: 0
[INFO] 
[INFO] ------------------------------------------------------------------------
[INFO] BUILD SUCCESS
[INFO] ------------------------------------------------------------------------
[INFO] Total time:  23.077 s
[INFO] Finished at: 2025-12-21T21:05:07+05:30
[INFO] ------------------------------------------------------------------------
[8mha:////4GnxeCJbUNxg+E8oLMm1ifnmg1W2FUnrNljvo6FRpTToAAAApR+LCAAAAAAAAP9tjTEOwjAQBC9BFLSUPOIihESDqNJabniBiY1xYt0Z2yGpeBFf4w8EIlGxxWpnm3m+YJkiHDlabA11jlLjMPjeTgsHjt3F84Atn7FhSuwNSjNI1qaeUXI2MKcoYSFgZajxnBzZDGvRqruqvCJbnXKcvoOA0ukbPKAQkzmrmL8wRthce52Yfp6/AhhDyFDud5/avgHITZ9tvgAAAA==[0m[Pipeline] }
[8mha:////4P3F5OlyotjUMCja3s28MSXU/TMAI1gC3TA+9/58oh5CAAAApB+LCAAAAAAAAP9tjTEOwjAQBC9BFLSUPOJCgWgQVVrLDS8wsTFOrDtjOyQVL+Jr/IFAJCq2WO1sM88XLFOEI0eLraHOUWocBt/baeHAsbt4HrDlMzZMib1BaQbJ2tQzSs4G5hQlLASsDDWekyObYS1adVeVV2SrU47TdxBQOn2DBxRiMmcV8xfGCJtrrxPTz/NXAGMIGcr97lPbN+ZNnQe+AAAA[0m[Pipeline] // withEnv
[8mha:////4MSkfPPllLXSRYC+On7GuCJF8oe6gbrKAzIG8yRbrNXRAAAApB+LCAAAAAAAAP9tjTEOwjAQBC9BFLSUPMKpQoOoaC03vMAkxtix7ox9Ial4EV/jD1hEomKL1c4283rDOic4UrLCGxwc5s6JGEZblpgoDddAk/B0ER1hpmCEMpOi3pwWVMQGllQ1rCRsDHaBskPLsJVeP3QTNNrmzKl8Bwm16+/whEoWM+vEX5gT7G5jnwl/nr8CmGNkqPdtqbb9AA85hpe+AAAA[0m[Pipeline] }
[8mha:////4LtgkOWlLOwBTsH0tygXKEfJllYgfDxCOxjt7cadEGxQAAAApB+LCAAAAAAAAP9tjTEOwjAQBC9BFLSUPOLSQBpEldZKwwtMbIwT687YDknFi/gaf8AiEhVbrHa2mdcb1jHAiYPBXtNgKXYWvRtNXjhxGK6OJ+z5gh1TZKex1VPLSjcLtpw0LClKWAnYaOocR0smwVb08iErJ8lU5xTydxRQWnWHJxQim5MM6QtzgN1tVJHp5/krgNn7BGVd5zrsPzd7FWa+AAAA[0m[Pipeline] // stage
[8mha:////4GTAsJwXh1gmU2YkkHAoY5QCSyKz4p8HFSkaA8T71XW1AAAAqB+LCAAAAAAAAP9tjTEOwjAUQ3+LOrAycohUSAgG1Ik16sIJQhNC0uj/kqSkEyfiatyBQCUmPFi2Jes9X1AFDw15zazC3mDoDBvcqHNiiXx/cZSYpTPrCAM5xVqVWpLqONeWooJZRQkLDkuFnaNgUEdYcSvuonYCdX2KPm8HDqWRN3hAwTM5Ch+/ZfKwvo4yEP44fwEwDRHKzTbbbv95Vm8QD5d/wgAAAA==[0m[Pipeline] stage
[8mha:////4Am+8uFvrf59lOvxaFnGR6zpFeUBcjJCgKIhemN2ZentAAAApx+LCAAAAAAAAP9tjTEOwjAUQ3+LOrAycoh0AyTE1DXKwglCE0La6P/yk9JOnIircQdaKjHhwbItWe/1hiIynIidaCy2HmPtRRd6NyUxELfXQINo6CJqwkjBCmUHRcZWS1WULCzKclhJWFusA0WPLsFGNvqhy6DRlefE03aUkHtzhydkciInzelbRobtrTeR8Mf5C4CxS5Dv9rMd5mfxAUsyu2PCAAAA[0m[Pipeline] { (Building The Project)
[8mha:////4JstAh4B9MtSc3Q1UUXHcMTNk4pP9l/4ReFZTBV+eeD9AAAApB+LCAAAAAAAAP9tjTEOwjAQBC9BFLSUPOLSIRCiSmu54QUmNsaJdWdsh6TiRXyNPxCIRMUWq51t5vmCZYpw5GixNdQ5So3D4Hs7LRw4dhfPA7Z8xoYpsTcozSBZm3pGydnAnKKEhYCVocZzcmQzrEWr7qryimx1ynH6DgJKp2/wgEJM5qxi/sIYYXPtdWL6ef4KYAwZyu3uU/vwBiGBjUy+AAAA[0m[Pipeline] tool
[8mha:////4KAQYtIw5cw4+pyP11r+io+Q2pw3MSYVnkCqHJIiovdyAAAApR+LCAAAAAAAAP9tjTEOwjAQBC9BFLSUPOJCBUgoFa3lhheYxBgn1l2wHZyKF/E1/oBFJCq2WO1sM683LIOHmr3BTlNvKTQWBzeavDCx76+OE3Z8wYYpsNModZLc6tOMkqOGOUUJCwErTY3jYMlEWItOPVTlFJnqHH3+jgJK297hCYXI5qh8/MLkYXMb28D08/wVwDREKHeHXPvt8AFfUI2cvgAAAA==[0m[Pipeline] envVarsForTool
[8mha:////4LAI6bRqLLNgIefiKJIipJS2suJqx3NXVpAorY62YXQIAAAApR+LCAAAAAAAAP9tjTEOwjAQBC9BFLSUPOIiGkBCqWgtN7zAJMY4se6C7eBUvIiv8QcsIlGxxWpnm3m9YRk81OwNdpp6S6GxOLjR5IWJfX91nLDjCzZMgZ1GqZPkVp9mlBw1zClKWAhYaWocB0smwlp06qEqp8hU5+jzdxRQ2vYOTyhENkfl4xcmD5vb2Aamn+evAKYhQrk75Npvhw8eYZaFvgAAAA==[0m[Pipeline] tool
[8mha:////4EpWpnAqvJJYA/ce1dZSvV2Vbv60/EbiNPqY6bclbHjRAAAAph+LCAAAAAAAAP9tjTEOwjAQBC9BFLSUPOIiUQASSkVrueEFJjHGiXUXbAen4kV8jT9gEYmKLVY728zrDcvgoWZvsNPUWwqNxcGNJi9M7Pur44QdX7BhCuw0Sp0kt/o0o+SoYU5RwkLASlPjOFgyEdaiUw9VOUWmOkefv6OA0rZ3eEIhsjkqH78wedjcxjYw/Tx/BTANEcrdIdd+O3wA3TK7rr4AAAA=[0m[Pipeline] envVarsForTool
[8mha:////4Ilw2D7xcPXktZ6YDPEboKFQ0WoDOLbGUSzBJ+b5wgC5AAAAqB+LCAAAAAAAAP9tjTEOwjAUQ3+LOrAycoh0QAIk1Ik16sIJQhNC0uj/kqSkEyfiatyBQCUmPFi2Jes9X1AFDw15zazC3mDoDBvcqHNiiXx/cZSYpTPrCAM5xVqVWpLqONeWooJZRQkLDkuFnaNgUEdYcSvuonYCdX2KPm8HDqWRN3hAwTM5Ch+/ZfKwvo4yEP44fwEwDRHK7T7bbvN5Vm/6PfM8wgAAAA==[0m[Pipeline] withEnv
[8mha:////4HRSAOyCNv0+/MGG0B09TTy6LzG/0t+l0BI+UboIqrGdAAAAqB+LCAAAAAAAAP9tjTEOwjAUQ3+LOrAycoh0AIkBMXWNsnCC0ISQNvq//KS0EyfiatyBlkpMeLBsS9Z7vaGIDCdiJxqLrcdYe9GF3k1JDMTtNdAgGrqImjBSsELZQZGx1VIVJQuLshxWEtYW60DRo0uwkY1+6DJodOU58bQdJeTe3OEJmZzISXP6lpFhe+tNJPxx/gJg7BLkh91s+/lZfABpxnKZwgAAAA==[0m[Pipeline] {
[8mha:////4MGb0yKHNKvg+bNT/Ejad1gAa7SdV8QNf7G6KYHqgOblAAAApB+LCAAAAAAAAP9tjTEOwjAQBC9BFLSUPOLSgCgQVVrLDS8wsTFOrDtjOyQVL+Jr/IFAJCq2WO1sM88XLFOEI0eLraHOUWocBt/baeHAsbt4HrDlMzZMib1BaQbJ2tQzSs4G5hQlLASsDDWekyObYS1adVeVV2SrU47TdxBQOn2DBxRiMmcV8xfGCJtrrxPTz/NXAGPIUO63n9qFN/DO8Oq+AAAA[0m[Pipeline] sh
+ mvn package
[INFO] Scanning for projects...
[INFO] 
[INFO] --------------< com.javaproject:database_service_project >--------------
[INFO] Building database_service_project 0.0.5-SNAPSHOT
[INFO]   from pom.xml
[INFO] --------------------------------[ jar ]---------------------------------
[WARNING] 1 problem was encountered while building the effective model for org.javassist:javassist:jar:3.20.0-GA during dependency collection step for project (use -X to see details)
[INFO] 
[INFO] --- jacoco:0.8.7:prepare-agent (jacoco-initialize) @ database_service_project ---
[INFO] argLine set to -javaagent:/var/lib/jenkins/.m2/repository/org/jacoco/org.jacoco.agent/0.8.7/org.jacoco.agent-0.8.7-runtime.jar=destfile=/var/lib/jenkins/workspace/PJ-job-2/target/jacoco.exec
[INFO] 
[INFO] --- resources:3.2.0:resources (default-resources) @ database_service_project ---
[INFO] Using 'UTF-8' encoding to copy filtered resources.
[INFO] Using 'UTF-8' encoding to copy filtered properties files.
[INFO] Copying 1 resource
[INFO] Copying 19 resources
[INFO] 
[INFO] --- compiler:3.8.1:compile (default-compile) @ database_service_project ---
[INFO] Nothing to compile - all classes are up to date
[INFO] 
[INFO] --- resources:3.2.0:testResources (default-testResources) @ database_service_project ---
[INFO] Using 'UTF-8' encoding to copy filtered resources.
[INFO] Using 'UTF-8' encoding to copy filtered properties files.
[INFO] skip non existing resourceDirectory /var/lib/jenkins/workspace/PJ-job-2/src/test/resources
[INFO] 
[INFO] --- compiler:3.8.1:testCompile (default-testCompile) @ database_service_project ---
[INFO] Nothing to compile - all classes are up to date
[INFO] 
[INFO] --- surefire:2.22.2:test (default-test) @ database_service_project ---
[INFO] 
[INFO] -------------------------------------------------------
[INFO]  T E S T S
[INFO] -------------------------------------------------------
[INFO] Running com.javaproject.DatabaseServiceProjectApplicationTests
21:05:12.304 [main] DEBUG org.springframework.test.context.BootstrapUtils - Instantiating CacheAwareContextLoaderDelegate from class [org.springframework.test.context.cache.DefaultCacheAwareContextLoaderDelegate]
21:05:12.320 [main] DEBUG org.springframework.test.context.BootstrapUtils - Instantiating BootstrapContext using constructor [public org.springframework.test.context.support.DefaultBootstrapContext(java.lang.Class,org.springframework.test.context.CacheAwareContextLoaderDelegate)]
21:05:12.401 [main] DEBUG org.springframework.test.context.BootstrapUtils - Instantiating TestContextBootstrapper for test class [com.javaproject.DatabaseServiceProjectApplicationTests] from class [org.springframework.boot.test.context.SpringBootTestContextBootstrapper]
21:05:12.421 [main] INFO org.springframework.boot.test.context.SpringBootTestContextBootstrapper - Neither @ContextConfiguration nor @ContextHierarchy found for test class [com.javaproject.DatabaseServiceProjectApplicationTests], using SpringBootContextLoader
21:05:12.429 [main] DEBUG org.springframework.test.context.support.AbstractContextLoader - Did not detect default resource location for test class [com.javaproject.DatabaseServiceProjectApplicationTests]: class path resource [com/javaproject/DatabaseServiceProjectApplicationTests-context.xml] does not exist
21:05:12.430 [main] DEBUG org.springframework.test.context.support.AbstractContextLoader - Did not detect default resource location for test class [com.javaproject.DatabaseServiceProjectApplicationTests]: class path resource [com/javaproject/DatabaseServiceProjectApplicationTestsContext.groovy] does not exist
21:05:12.430 [main] INFO org.springframework.test.context.support.AbstractContextLoader - Could not detect default resource locations for test class [com.javaproject.DatabaseServiceProjectApplicationTests]: no resource found for suffixes {-context.xml, Context.groovy}.
21:05:12.432 [main] INFO org.springframework.test.context.support.AnnotationConfigContextLoaderUtils - Could not detect default configuration classes for test class [com.javaproject.DatabaseServiceProjectApplicationTests]: DatabaseServiceProjectApplicationTests does not declare any static, non-private, non-final, nested classes annotated with @Configuration.
21:05:12.520 [main] DEBUG org.springframework.test.context.support.ActiveProfilesUtils - Could not find an 'annotation declaring class' for annotation type [org.springframework.test.context.ActiveProfiles] and class [com.javaproject.DatabaseServiceProjectApplicationTests]
21:05:12.653 [main] DEBUG org.springframework.context.annotation.ClassPathScanningCandidateComponentProvider - Identified candidate component class: file [/var/lib/jenkins/workspace/PJ-job-2/target/classes/com/javaproject/DatabaseServiceProjectApplication.class]
21:05:12.654 [main] INFO org.springframework.boot.test.context.SpringBootTestContextBootstrapper - Found @SpringBootConfiguration com.javaproject.DatabaseServiceProjectApplication for test class com.javaproject.DatabaseServiceProjectApplicationTests
21:05:12.812 [main] DEBUG org.springframework.boot.test.context.SpringBootTestContextBootstrapper - @TestExecutionListeners is not present for class [com.javaproject.DatabaseServiceProjectApplicationTests]: using defaults.
21:05:12.814 [main] INFO org.springframework.boot.test.context.SpringBootTestContextBootstrapper - Loaded default TestExecutionListener class names from location [META-INF/spring.factories]: [org.springframework.boot.test.mock.mockito.MockitoTestExecutionListener, org.springframework.boot.test.mock.mockito.ResetMocksTestExecutionListener, org.springframework.boot.test.autoconfigure.restdocs.RestDocsTestExecutionListener, org.springframework.boot.test.autoconfigure.web.client.MockRestServiceServerResetTestExecutionListener, org.springframework.boot.test.autoconfigure.web.servlet.MockMvcPrintOnlyOnFailureTestExecutionListener, org.springframework.boot.test.autoconfigure.web.servlet.WebDriverTestExecutionListener, org.springframework.boot.test.autoconfigure.webservices.client.MockWebServiceServerTestExecutionListener, org.springframework.test.context.web.ServletTestExecutionListener, org.springframework.test.context.support.DirtiesContextBeforeModesTestExecutionListener, org.springframework.test.context.event.ApplicationEventsTestExecutionListener, org.springframework.test.context.support.DependencyInjectionTestExecutionListener, org.springframework.test.context.support.DirtiesContextTestExecutionListener, org.springframework.test.context.transaction.TransactionalTestExecutionListener, org.springframework.test.context.jdbc.SqlScriptsTestExecutionListener, org.springframework.test.context.event.EventPublishingTestExecutionListener, org.springframework.security.test.context.support.WithSecurityContextTestExecutionListener, org.springframework.security.test.context.support.ReactorContextTestExecutionListener]
21:05:12.845 [main] INFO org.springframework.boot.test.context.SpringBootTestContextBootstrapper - Using TestExecutionListeners: [org.springframework.test.context.web.ServletTestExecutionListener@4fad6218, org.springframework.test.context.support.DirtiesContextBeforeModesTestExecutionListener@1bf39d06, org.springframework.test.context.event.ApplicationEventsTestExecutionListener@68217d41, org.springframework.boot.test.mock.mockito.MockitoTestExecutionListener@1ac45389, org.springframework.boot.test.autoconfigure.SpringBootDependencyInjectionTestExecutionListener@3e5d4f6b, org.springframework.test.context.support.DirtiesContextTestExecutionListener@39c1fe0b, org.springframework.test.context.transaction.TransactionalTestExecutionListener@5ae95707, org.springframework.test.context.jdbc.SqlScriptsTestExecutionListener@62891fc8, org.springframework.test.context.event.EventPublishingTestExecutionListener@367b22e5, org.springframework.security.test.context.support.WithSecurityContextTestExecutionListener@fca387, org.springframework.security.test.context.support.ReactorContextTestExecutionListener@10bd9df0, org.springframework.boot.test.mock.mockito.ResetMocksTestExecutionListener@3ae0b770, org.springframework.boot.test.autoconfigure.restdocs.RestDocsTestExecutionListener@55e3d6c3, org.springframework.boot.test.autoconfigure.web.client.MockRestServiceServerResetTestExecutionListener@30e6a763, org.springframework.boot.test.autoconfigure.web.servlet.MockMvcPrintOnlyOnFailureTestExecutionListener@4c48fe92, org.springframework.boot.test.autoconfigure.web.servlet.WebDriverTestExecutionListener@732c9b5c, org.springframework.boot.test.autoconfigure.webservices.client.MockWebServiceServerTestExecutionListener@38320e34]
21:05:12.850 [main] DEBUG org.springframework.test.context.support.AbstractDirtiesContextTestExecutionListener - Before test class: context [DefaultTestContext@3bdb2c78 testClass = DatabaseServiceProjectApplicationTests, testInstance = [null], testMethod = [null], testException = [null], mergedContextConfiguration = [WebMergedContextConfiguration@64693226 testClass = DatabaseServiceProjectApplicationTests, locations = '{}', classes = '{class com.javaproject.DatabaseServiceProjectApplication}', contextInitializerClasses = '[]', activeProfiles = '{}', propertySourceLocations = '{}', propertySourceProperties = '{org.springframework.boot.test.context.SpringBootTestContextBootstrapper=true}', contextCustomizers = set[[ImportsContextCustomizer@1c758545 key = [org.springframework.boot.test.autoconfigure.web.servlet.MockMvcAutoConfiguration, org.springframework.boot.test.autoconfigure.web.servlet.MockMvcWebClientAutoConfiguration, org.springframework.boot.test.autoconfigure.web.servlet.MockMvcWebDriverAutoConfiguration, org.springframework.boot.autoconfigure.security.oauth2.client.servlet.OAuth2ClientAutoConfiguration, org.springframework.boot.autoconfigure.security.oauth2.resource.servlet.OAuth2ResourceServerAutoConfiguration, org.springframework.boot.autoconfigure.security.servlet.SecurityAutoConfiguration, org.springframework.boot.autoconfigure.security.servlet.SecurityFilterAutoConfiguration, org.springframework.boot.autoconfigure.security.servlet.UserDetailsServiceAutoConfiguration, org.springframework.boot.test.autoconfigure.web.servlet.MockMvcSecurityConfiguration]], org.springframework.boot.test.context.filter.ExcludeFilterContextCustomizer@71f67a79, org.springframework.boot.test.json.DuplicateJsonObjectContextCustomizerFactory$DuplicateJsonObjectContextCustomizer@3aee3976, org.springframework.boot.test.mock.mockito.MockitoContextCustomizer@0, org.springframework.boot.test.web.client.TestRestTemplateContextCustomizer@76b74e9c, org.springframework.boot.test.autoconfigure.actuate.metrics.MetricsExportContextCustomizerFactory$DisableMetricExportContextCustomizer@4b4dd216, org.springframework.boot.test.autoconfigure.properties.PropertyMappingContextCustomizer@4b3fa0b3, org.springframework.boot.test.autoconfigure.web.servlet.WebDriverContextCustomizerFactory$Customizer@48f5bde6, org.springframework.boot.test.context.SpringBootTestArgs@1, org.springframework.boot.test.context.SpringBootTestWebEnvironment@2638011], resourceBasePath = 'src/main/webapp', contextLoader = 'org.springframework.boot.test.context.SpringBootContextLoader', parent = [null]], attributes = map['org.springframework.test.context.web.ServletTestExecutionListener.activateListener' -> true]], class annotated with @DirtiesContext [false] with mode [null].
21:05:12.893 [main] DEBUG org.springframework.test.context.support.TestPropertySourceUtils - Adding inlined properties to environment: {spring.jmx.enabled=false, org.springframework.boot.test.context.SpringBootTestContextBootstrapper=true}

  .   ____          _            __ _ _
 /\\ / ___'_ __ _ _(_)_ __  __ _ \ \ \ \
( ( )\___ | '_ | '_| | '_ \/ _` | \ \ \ \
 \\/  ___)| |_)| | | | | || (_| |  ) ) ) )
  '  |____| .__|_| |_|_| |_\__, | / / / /
 =========|_|==============|___/=/_/_/_/
 :: Spring Boot ::                (v2.5.6)

2025-12-21 21:05:13.313  INFO 172380 --- [           main] j.DatabaseServiceProjectApplicationTests : Starting DatabaseServiceProjectApplicationTests using Java 17.0.16 on divy with PID 172380 (started by jenkins in /var/lib/jenkins/workspace/PJ-job-2)
2025-12-21 21:05:13.318  INFO 172380 --- [           main] j.DatabaseServiceProjectApplicationTests : No active profile set, falling back to default profiles: default
2025-12-21 21:05:14.726  INFO 172380 --- [           main] .s.d.r.c.RepositoryConfigurationDelegate : Multiple Spring Data modules found, entering strict repository configuration mode!
2025-12-21 21:05:14.728  INFO 172380 --- [           main] .s.d.r.c.RepositoryConfigurationDelegate : Bootstrapping Spring Data JDBC repositories in DEFAULT mode.
2025-12-21 21:05:14.742  INFO 172380 --- [           main] .s.d.r.c.RepositoryConfigurationDelegate : Finished Spring Data repository scanning in 8 ms. Found 0 JDBC repository interfaces.
2025-12-21 21:05:14.755  INFO 172380 --- [           main] .s.d.r.c.RepositoryConfigurationDelegate : Multiple Spring Data modules found, entering strict repository configuration mode!
2025-12-21 21:05:14.757  INFO 172380 --- [           main] .s.d.r.c.RepositoryConfigurationDelegate : Bootstrapping Spring Data JPA repositories in DEFAULT mode.
2025-12-21 21:05:14.762  INFO 172380 --- [           main] .s.d.r.c.RepositoryConfigurationDelegate : Finished Spring Data repository scanning in 1 ms. Found 0 JPA repository interfaces.
2025-12-21 21:05:15.474  INFO 172380 --- [           main] com.zaxxer.hikari.HikariDataSource       : HikariPool-1 - Starting...
2025-12-21 21:05:15.946  INFO 172380 --- [           main] com.zaxxer.hikari.HikariDataSource       : HikariPool-1 - Start completed.
2025-12-21 21:05:16.326  INFO 172380 --- [           main] o.hibernate.jpa.internal.util.LogHelper  : HHH000204: Processing PersistenceUnitInfo [name: default]
2025-12-21 21:05:16.412  INFO 172380 --- [           main] org.hibernate.Version                    : HHH000412: Hibernate ORM core version 5.4.32.Final
2025-12-21 21:05:16.617  INFO 172380 --- [           main] o.hibernate.annotations.common.Version   : HCANN000001: Hibernate Commons Annotations {5.1.2.Final}
2025-12-21 21:05:16.839  INFO 172380 --- [           main] org.hibernate.dialect.Dialect            : HHH000400: Using dialect: org.hibernate.dialect.H2Dialect
2025-12-21 21:05:17.215  INFO 172380 --- [           main] o.h.e.t.j.p.i.JtaPlatformInitiator       : HHH000490: Using JtaPlatform implementation: [org.hibernate.engine.transaction.jta.platform.internal.NoJtaPlatform]
2025-12-21 21:05:17.226  INFO 172380 --- [           main] j.LocalContainerEntityManagerFactoryBean : Initialized JPA EntityManagerFactory for persistence unit 'default'
2025-12-21 21:05:17.450  WARN 172380 --- [           main] JpaBaseConfiguration$JpaWebConfiguration : spring.jpa.open-in-view is enabled by default. Therefore, database queries may be performed during view rendering. Explicitly configure spring.jpa.open-in-view to disable this warning
2025-12-21 21:05:17.518  INFO 172380 --- [           main] o.s.s.p.JdbcUserDetailsManager           : No authentication manager set. Reauthentication of users when changing passwords will not be performed.
2025-12-21 21:05:17.990  INFO 172380 --- [           main] o.s.s.web.DefaultSecurityFilterChain     : Will secure any request with [org.springframework.security.web.context.request.async.WebAsyncManagerIntegrationFilter@66e81cdd, org.springframework.security.web.context.SecurityContextPersistenceFilter@27b3e5ed, org.springframework.security.web.header.HeaderWriterFilter@64bf34e4, org.springframework.security.web.authentication.logout.LogoutFilter@34538dde, org.springframework.security.web.authentication.UsernamePasswordAuthenticationFilter@7dbfb886, org.springframework.security.web.savedrequest.RequestCacheAwareFilter@69dd03a0, org.springframework.security.web.servletapi.SecurityContextHolderAwareRequestFilter@5c16f550, org.springframework.security.web.authentication.AnonymousAuthenticationFilter@10f868dd, org.springframework.security.web.session.SessionManagementFilter@5f0b3abb, org.springframework.security.web.access.ExceptionTranslationFilter@467c77b2, org.springframework.security.web.access.intercept.FilterSecurityInterceptor@68263c3e]
2025-12-21 21:05:18.463  INFO 172380 --- [           main] o.s.b.a.h2.H2ConsoleAutoConfiguration    : H2 console available at '/h2-console'. Database available at 'jdbc:h2:mem:testdb'
2025-12-21 21:05:18.544  INFO 172380 --- [           main] o.s.b.a.w.s.WelcomePageHandlerMapping    : Adding welcome page template: index
2025-12-21 21:05:19.003  INFO 172380 --- [           main] o.s.b.t.m.w.SpringBootMockServletContext : Initializing Spring TestDispatcherServlet ''
2025-12-21 21:05:19.003  INFO 172380 --- [           main] o.s.t.web.servlet.TestDispatcherServlet  : Initializing Servlet ''
2025-12-21 21:05:19.005  INFO 172380 --- [           main] o.s.t.web.servlet.TestDispatcherServlet  : Completed initialization in 1 ms
2025-12-21 21:05:19.037  INFO 172380 --- [           main] j.DatabaseServiceProjectApplicationTests : Started DatabaseServiceProjectApplicationTests in 6.134 seconds (JVM running for 7.877)
[INFO] Tests run: 1, Failures: 0, Errors: 0, Skipped: 0, Time elapsed: 7.187 s - in com.javaproject.DatabaseServiceProjectApplicationTests
[INFO] Running com.javaproject.TestController
2025-12-21 21:05:19.405  INFO 172380 --- [           main] .b.t.c.SpringBootTestContextBootstrapper : Neither @ContextConfiguration nor @ContextHierarchy found for test class [com.javaproject.TestController], using SpringBootContextLoader
2025-12-21 21:05:19.406  INFO 172380 --- [           main] o.s.t.c.support.AbstractContextLoader    : Could not detect default resource locations for test class [com.javaproject.TestController]: no resource found for suffixes {-context.xml, Context.groovy}.
2025-12-21 21:05:19.406  INFO 172380 --- [           main] t.c.s.AnnotationConfigContextLoaderUtils : Could not detect default configuration classes for test class [com.javaproject.TestController]: TestController does not declare any static, non-private, non-final, nested classes annotated with @Configuration.
2025-12-21 21:05:19.410  INFO 172380 --- [           main] .b.t.c.SpringBootTestContextBootstrapper : Found @SpringBootConfiguration com.javaproject.DatabaseServiceProjectApplication for test class com.javaproject.TestController
2025-12-21 21:05:19.412  INFO 172380 --- [           main] .b.t.c.SpringBootTestContextBootstrapper : Loaded default TestExecutionListener class names from location [META-INF/spring.factories]: [org.springframework.boot.test.mock.mockito.MockitoTestExecutionListener, org.springframework.boot.test.mock.mockito.ResetMocksTestExecutionListener, org.springframework.boot.test.autoconfigure.restdocs.RestDocsTestExecutionListener, org.springframework.boot.test.autoconfigure.web.client.MockRestServiceServerResetTestExecutionListener, org.springframework.boot.test.autoconfigure.web.servlet.MockMvcPrintOnlyOnFailureTestExecutionListener, org.springframework.boot.test.autoconfigure.web.servlet.WebDriverTestExecutionListener, org.springframework.boot.test.autoconfigure.webservices.client.MockWebServiceServerTestExecutionListener, org.springframework.test.context.web.ServletTestExecutionListener, org.springframework.test.context.support.DirtiesContextBeforeModesTestExecutionListener, org.springframework.test.context.event.ApplicationEventsTestExecutionListener, org.springframework.test.context.support.DependencyInjectionTestExecutionListener, org.springframework.test.context.support.DirtiesContextTestExecutionListener, org.springframework.test.context.transaction.TransactionalTestExecutionListener, org.springframework.test.context.jdbc.SqlScriptsTestExecutionListener, org.springframework.test.context.event.EventPublishingTestExecutionListener, org.springframework.security.test.context.support.WithSecurityContextTestExecutionListener, org.springframework.security.test.context.support.ReactorContextTestExecutionListener]
2025-12-21 21:05:19.412  INFO 172380 --- [           main] .b.t.c.SpringBootTestContextBootstrapper : Using TestExecutionListeners: [org.springframework.test.context.web.ServletTestExecutionListener@2ef77fcc, org.springframework.test.context.support.DirtiesContextBeforeModesTestExecutionListener@4e579bd, org.springframework.test.context.event.ApplicationEventsTestExecutionListener@7aa9bfc6, org.springframework.boot.test.mock.mockito.MockitoTestExecutionListener@6ae7c2b3, org.springframework.boot.test.autoconfigure.SpringBootDependencyInjectionTestExecutionListener@7f7bd93c, org.springframework.test.context.support.DirtiesContextTestExecutionListener@50fc7fff, org.springframework.test.context.transaction.TransactionalTestExecutionListener@671cada9, org.springframework.test.context.jdbc.SqlScriptsTestExecutionListener@33ba19a3, org.springframework.test.context.event.EventPublishingTestExecutionListener@122984d1, org.springframework.security.test.context.support.WithSecurityContextTestExecutionListener@219912ec, org.springframework.security.test.context.support.ReactorContextTestExecutionListener@23ea8293, org.springframework.boot.test.mock.mockito.ResetMocksTestExecutionListener@40fef04c, org.springframework.boot.test.autoconfigure.restdocs.RestDocsTestExecutionListener@1e2ffb8e, org.springframework.boot.test.autoconfigure.web.client.MockRestServiceServerResetTestExecutionListener@77c894d5, org.springframework.boot.test.autoconfigure.web.servlet.MockMvcPrintOnlyOnFailureTestExecutionListener@417ea5, org.springframework.boot.test.autoconfigure.web.servlet.WebDriverTestExecutionListener@378a9271, org.springframework.boot.test.autoconfigure.webservices.client.MockWebServiceServerTestExecutionListener@5698fc85]
return value is: 4

MockHttpServletRequest:
      HTTP Method = POST
      Request URI = /boardgameAdded
       Parameters = {name=[onecard], level=[1], minPlayers=[2], maxPlayers=[+], gameType=[Party Game]}
          Headers = []
             Body = null
    Session Attrs = {}

Handler:
             Type = com.javaproject.controllers.HomeController
           Method = com.javaproject.controllers.HomeController#boardgameAdded(BoardGame)

Async:
    Async started = false
     Async result = null

Resolved Exception:
             Type = null

ModelAndView:
        View name = redirect:/
             View = null
            Model = null

FlashMap:
       Attributes = null

MockHttpServletResponse:
           Status = 302
    Error message = null
          Headers = [Content-Language:"en", X-Content-Type-Options:"nosniff", X-XSS-Protection:"1; mode=block", Cache-Control:"no-cache, no-store, max-age=0, must-revalidate", Pragma:"no-cache", Expires:"0", Location:"/"]
     Content type = null
             Body = 
    Forwarded URL = null
   Redirected URL = /
          Cookies = []
return value is: 1
return value is: 1
[INFO] Tests run: 4, Failures: 0, Errors: 0, Skipped: 0, Time elapsed: 0.672 s - in com.javaproject.TestController
[INFO] Running com.javaproject.TestDatabase
2025-12-21 21:05:20.154  INFO 172380 --- [           main] .b.t.c.SpringBootTestContextBootstrapper : Neither @ContextConfiguration nor @ContextHierarchy found for test class [com.javaproject.TestDatabase], using SpringBootContextLoader
2025-12-21 21:05:20.154  INFO 172380 --- [           main] o.s.t.c.support.AbstractContextLoader    : Could not detect default resource locations for test class [com.javaproject.TestDatabase]: no resource found for suffixes {-context.xml, Context.groovy}.
2025-12-21 21:05:20.154  INFO 172380 --- [           main] t.c.s.AnnotationConfigContextLoaderUtils : Could not detect default configuration classes for test class [com.javaproject.TestDatabase]: TestDatabase does not declare any static, non-private, non-final, nested classes annotated with @Configuration.
2025-12-21 21:05:20.156  INFO 172380 --- [           main] .b.t.c.SpringBootTestContextBootstrapper : Found @SpringBootConfiguration com.javaproject.DatabaseServiceProjectApplication for test class com.javaproject.TestDatabase
2025-12-21 21:05:20.157  INFO 172380 --- [           main] .b.t.c.SpringBootTestContextBootstrapper : Loaded default TestExecutionListener class names from location [META-INF/spring.factories]: [org.springframework.boot.test.mock.mockito.MockitoTestExecutionListener, org.springframework.boot.test.mock.mockito.ResetMocksTestExecutionListener, org.springframework.boot.test.autoconfigure.restdocs.RestDocsTestExecutionListener, org.springframework.boot.test.autoconfigure.web.client.MockRestServiceServerResetTestExecutionListener, org.springframework.boot.test.autoconfigure.web.servlet.MockMvcPrintOnlyOnFailureTestExecutionListener, org.springframework.boot.test.autoconfigure.web.servlet.WebDriverTestExecutionListener, org.springframework.boot.test.autoconfigure.webservices.client.MockWebServiceServerTestExecutionListener, org.springframework.test.context.web.ServletTestExecutionListener, org.springframework.test.context.support.DirtiesContextBeforeModesTestExecutionListener, org.springframework.test.context.event.ApplicationEventsTestExecutionListener, org.springframework.test.context.support.DependencyInjectionTestExecutionListener, org.springframework.test.context.support.DirtiesContextTestExecutionListener, org.springframework.test.context.transaction.TransactionalTestExecutionListener, org.springframework.test.context.jdbc.SqlScriptsTestExecutionListener, org.springframework.test.context.event.EventPublishingTestExecutionListener, org.springframework.security.test.context.support.WithSecurityContextTestExecutionListener, org.springframework.security.test.context.support.ReactorContextTestExecutionListener]
2025-12-21 21:05:20.158  INFO 172380 --- [           main] .b.t.c.SpringBootTestContextBootstrapper : Using TestExecutionListeners: [org.springframework.test.context.web.ServletTestExecutionListener@4a6ed38, org.springframework.test.context.support.DirtiesContextBeforeModesTestExecutionListener@7fed08c6, org.springframework.test.context.event.ApplicationEventsTestExecutionListener@6749add0, org.springframework.boot.test.mock.mockito.MockitoTestExecutionListener@7021ab0e, org.springframework.boot.test.autoconfigure.SpringBootDependencyInjectionTestExecutionListener@43dd471f, org.springframework.test.context.support.DirtiesContextTestExecutionListener@54e1dc9a, org.springframework.test.context.transaction.TransactionalTestExecutionListener@7eecccfb, org.springframework.test.context.jdbc.SqlScriptsTestExecutionListener@3e871f3, org.springframework.test.context.event.EventPublishingTestExecutionListener@2aa43b2e, org.springframework.security.test.context.support.WithSecurityContextTestExecutionListener@707b37ec, org.springframework.security.test.context.support.ReactorContextTestExecutionListener@6868b60c, org.springframework.boot.test.mock.mockito.ResetMocksTestExecutionListener@28cf351b, org.springframework.boot.test.autoconfigure.restdocs.RestDocsTestExecutionListener@23b91667, org.springframework.boot.test.autoconfigure.web.client.MockRestServiceServerResetTestExecutionListener@a5491ab, org.springframework.boot.test.autoconfigure.web.servlet.MockMvcPrintOnlyOnFailureTestExecutionListener@27a18e3b, org.springframework.boot.test.autoconfigure.web.servlet.WebDriverTestExecutionListener@76171039, org.springframework.boot.test.autoconfigure.webservices.client.MockWebServiceServerTestExecutionListener@1d763ab2]
[INFO] Tests run: 1, Failures: 0, Errors: 0, Skipped: 0, Time elapsed: 0.002 s - in com.javaproject.TestDatabase
2025-12-21 21:05:20.293  INFO 172380 --- [ionShutdownHook] j.LocalContainerEntityManagerFactoryBean : Closing JPA EntityManagerFactory for persistence unit 'default'
2025-12-21 21:05:20.294  INFO 172380 --- [ionShutdownHook] .SchemaDropperImpl$DelayedDropActionImpl : HHH000477: Starting delayed evictData of schema as part of SessionFactory shut-down'
2025-12-21 21:05:20.297  INFO 172380 --- [ionShutdownHook] com.zaxxer.hikari.HikariDataSource       : HikariPool-1 - Shutdown initiated...
2025-12-21 21:05:20.301  INFO 172380 --- [ionShutdownHook] com.zaxxer.hikari.HikariDataSource       : HikariPool-1 - Shutdown completed.
[INFO] 
[INFO] Results:
[INFO] 
[INFO] Tests run: 6, Failures: 0, Errors: 0, Skipped: 0
[INFO] 
[INFO] 
[INFO] --- jar:3.2.0:jar (default-jar) @ database_service_project ---
[INFO] 
[INFO] --- spring-boot:2.5.6:repackage (repackage) @ database_service_project ---
[INFO] Replacing main artifact with repackaged archive
[INFO] 
[INFO] --- jacoco:0.8.7:report (jacoco-site) @ database_service_project ---
[INFO] Loading execution data file /var/lib/jenkins/workspace/PJ-job-2/target/jacoco.exec
[INFO] Analyzed bundle 'database_service_project' with 9 classes
[INFO] ------------------------------------------------------------------------
[INFO] BUILD SUCCESS
[INFO] ------------------------------------------------------------------------
[INFO] Total time:  12.644 s
[INFO] Finished at: 2025-12-21T21:05:22+05:30
[INFO] ------------------------------------------------------------------------
[8mha:////4BZZPkXwE+UtKeJbr8uzbqMxE+zx0QxCeAPIPFe5IV/aAAAApB+LCAAAAAAAAP9tjTEOwjAQBC9BFLSUPOLSICgQVVrLDS8wsTFOrDtjOyQVL+Jr/IFAJCq2WO1sM88XLFOEI0eLraHOUWocBt/baeHAsbt4HrDlMzZMib1BaQbJ2tQzSs4G5hQlLASsDDWekyObYS1adVeVV2SrU47TdxBQOn2DBxRiMmcV8xfGCJtrrxPTz/NXAGMIGcr97lPbNwESVPK+AAAA[0m[Pipeline] }
[8mha:////4D9uRxyujcan7i4EqC8c9vkW8nF64pNnfeHDaFgKjyoAAAAApB+LCAAAAAAAAP9tjTEOwjAQBC9BFLSUPOJSUKRAVLRWGl5gEmPsWHeO7eBUvIiv8QcCkajYYrWzzTxfsI4Bjhw0WkW9odga9G7U88LMob86zmj5gi1TZKewUbnhTp0WbDgpWFKUsBKwUdQ6joZ0gq2w8i4rJ0lX5xTm7yCgNN0ADyjEbE4ypC9MAXa3sYtMP89fAUzeJyjr+lP7NwdUbKe+AAAA[0m[Pipeline] // withEnv
[8mha:////4Cu7dadQ1/Fs+0Awzo3FWvPbaH3m3lT24loY+KB+5s3+AAAApB+LCAAAAAAAAP9tjTEOwjAQBC9BFLSUPOLSQSREldZKwwtMbIwT687YDknFi/gaf8AiEhVbrHa2mdcb1jHAiYPBXtNgKXYWvRtNXjhxGK6OJ+z5gh1TZKex1VPLSjcLtpw0LClKWAnYaOocR0smwVb08iErJ8lU5xTydxRQWnWHJxQim5MM6QtzgN1tVJHp5/krgNn7BOWhzrWvPxsO89i+AAAA[0m[Pipeline] }
[8mha:////4EGU0b/kuLFerdDajTnvekAezDkZIq3Iq1Xo+ipSG4gVAAAApB+LCAAAAAAAAP9tjTEOwjAQBC9BFLSUPMLpiBCiSmul4QUmPowT687YDknFi/gaf8AiEhVbrHa2mdcb1jHAiYMRPdJgKXZWeDeavMTEYbg6nkTPF9ExRXYoWpxa1tgs2HJCWFKUsJKwQeocR0smwVb26qEqp8hU5xTyd5RQWn2HJxQym5MK6QtzgN1t1JHp5/krgNn7BGV9yLWvPy/AEIO+AAAA[0m[Pipeline] // stage
[8mha:////4PhvMUmL7KAT3LztBr46KTk02FSTIZbZefgsJYl9QSElAAAAph+LCAAAAAAAAP9tjTEOwjAQBC9BFLSUPOICEgUSSkVrueEFJjHGiXUXbAen4kV8jT9gEYmKLVY728zrDcvgoWZvsNPUWwqNxcGNJi9M7Pur44QdX7BhCuw0Sp0kt/o0o+SoYU5RwkLASlPjOFgyEdaiUw9VOUWmOkefv6OA0rZ3eEIhsjkqH78wedjcxjYw/Tx/BTANQ4TysM21238AcyYfhL4AAAA=[0m[Pipeline] }
[8mha:////4NyDX+ZWUBqD82Mh1IEblgJ/z0TMbDUsmcFjEWGxSa4kAAAApR+LCAAAAAAAAP9tjTEOwjAQBC9BFLSUPOKiiAYJUaW10vACExvjxLoztkNS8SK+xh+wiETFFqudbeb1hnUMcOJgsNc0WIqdRe9GkxdOHIar4wl7vmDHFNlpbPXUstLNgi0nDUuKElYCNpo6x9GSSbAVvXzIykky1TmF/B0FlFbd4QmFyOYkQ/rCHGB3G1Vk+nn+CmD2PkF5qHPV+w91YCfRvgAAAA==[0m[Pipeline] // withEnv
[8mha:////4Ml0szXHzAI2F8JlOnWh0CX7lVEOU/0qY2Y0zyBIBsSgAAAApB+LCAAAAAAAAP9tjTEOwjAQBDdBFLSUPMKREAUSoqK10vACkxjjxLoL9oWk4kV8jT8QEYmKrXammdcbyxRx5OhUY6n1lCqvutC76amBY3sNPKiGL6piShysKu1Qcm1PM5YsFvOyHAuNlaUqcPLkBGvdmIcpgiFXnCVO7qCR+/qOJzI9lcVE+cIYsbn1dWL6df4GMHadIN9vBdnuAy0pio+9AAAA[0m[Pipeline] }
[8mha:////4EfYieMF5jZW6zi5m85qvjzIyuCxQ0m7xw2rpUEHaK8AAAAAox+LCAAAAAAAAP9tjbEOgjAURS8YB1dHP6IMLCbGybVh8Qsq1Fpo3sP2IUx+kb/mP0gkcfJO95zlvN5Yp4gjR6daS52nVHvVh8HNT40cu2vgUbV8UTVT4mBVZceKG3tasGKxWJblWGlsLNWBkycn2OrWPEwRDLniLHF2B43cN3c8kem5LCbKF6aI3W1oEtOv8zeAqe8F+b4UZOUHPpWOLL0AAAA=[0m[Pipeline] // node
[8mha:////4J+qJWpl7nnps98eCOSmreUgRxWPV3620EpwkXowQbwIAAAApB+LCAAAAAAAAP9tjTEOwjAQBDdBFLSUPMKREAUSoqK10vACkxjjxLoL9oWk4kV8jT8QEYmKrXammdcbyxRx5OhUY6n1lCqvutC76amBY3sNPKiGL6piShysKu1Qcm1PM5YsFvOyHAuNlaUqcPLkBGvdmIcpgiFXnCVO7qCR+/qOJzI9lcVE+cIYsbn1dWL6df4GMHadIN/vBNn2A7h5qem9AAAA[0m[Pipeline] End of Pipeline
Finished: SUCCESS
